Using pre-set license
Built from '2020.3/release' branch; Version is '2020.3.1f1 (77a89f25062f) revision 7841951'; Using compiler version '192528614'; Build Type 'Release'
OS: 'Windows 10 Home Single Language; OS build 19041.1052; Version 2004; 64bit' Language: 'en' Physical Memory: 8029 MB
BatchMode: 1, IsHumanControllingUs: 0, StartBugReporterOnCrash: 0, Is64bit: 1, IsPro: 0

 COMMAND LINE ARGUMENTS:
C:\Program Files\Unity\Hub\Editor\2020.3.1f1\Editor\Unity.exe
-adb2
-batchMode
-noUpm
-name
AssetImportWorker0
-projectPath
D:/LtGame/SonicEternal
-logFile
Logs/AssetImportWorker0.log
-srvPort
56272
Successfully changed project path to: D:/LtGame/SonicEternal
D:/LtGame/SonicEternal
Using Asset Import Pipeline V2.
Refreshing native plugins compatible for Editor in 40.43 ms, found 1 plugins.
Preloading 0 native plugins for Editor in 0.00 ms.
Initialize engine version: 2020.3.1f1 (77a89f25062f)
[Subsystems] Discovering subsystems at path C:/Program Files/Unity/Hub/Editor/2020.3.1f1/Editor/Data/Resources/UnitySubsystems
[Subsystems] Discovering subsystems at path D:/LtGame/SonicEternal/Assets
GfxDevice: creating device client; threaded=0
Direct3D:
    Version:  Direct3D 11.0 [level 11.1]
    Renderer: NVIDIA GeForce GTX 1650 (ID=0x1f99)
    Vendor:   
    VRAM:     3962 MB
    Driver:   30.0.14.7111
Initialize mono
Mono path[0] = 'C:/Program Files/Unity/Hub/Editor/2020.3.1f1/Editor/Data/Managed'
Mono path[1] = 'C:/Program Files/Unity/Hub/Editor/2020.3.1f1/Editor/Data/MonoBleedingEdge/lib/mono/unityjit'
Mono config path = 'C:/Program Files/Unity/Hub/Editor/2020.3.1f1/Editor/Data/MonoBleedingEdge/etc'
Using monoOptions --debugger-agent=transport=dt_socket,embedding=1,server=y,suspend=n,address=127.0.0.1:56356
Begin MonoManager ReloadAssembly
Registering precompiled unity dll's ...
Register platform support module: C:/Program Files/Unity/Hub/Editor/2020.3.1f1/Editor/Data/PlaybackEngines/WindowsStandaloneSupport/UnityEditor.WindowsStandalone.Extensions.dll
Registered in 0.002280 seconds.
Native extension for WindowsStandalone target not found
Refreshing native plugins compatible for Editor in 38.11 ms, found 1 plugins.
Preloading 0 native plugins for Editor in 0.00 ms.
Invoked RoslynAnalysisRunner static constructor.
RoslynAnalysisRunner will not be running.
RoslynAnalysisRunner has terminated.
Mono: successfully reloaded assembly
- Completed reload, in  1.345 seconds
Platform modules already initialized, skipping
Registering precompiled user dll's ...
Registered in 0.000773 seconds.
Begin MonoManager ReloadAssembly
Native extension for WindowsStandalone target not found
Refreshing native plugins compatible for Editor in 40.22 ms, found 1 plugins.
Preloading 0 native plugins for Editor in 0.00 ms.
Invoked RoslynAnalysisRunner static constructor.
RoslynAnalysisRunner will not be running.
RoslynAnalysisRunner has terminated.
Mono: successfully reloaded assembly
- Completed reload, in  0.895 seconds
Platform modules already initialized, skipping
========================================================================
Worker process is ready to serve import requests
Launched and connected shader compiler UnityShaderCompiler.exe after 0.04 seconds
Refreshing native plugins compatible for Editor in 0.38 ms, found 1 plugins.
Preloading 0 native plugins for Editor in 0.00 ms.
Unloading 1825 Unused Serialized files (Serialized files now loaded: 0)
System memory in use before: 85.4 MB.
System memory in use after: 85.3 MB.

Unloading 24 unused Assets to reduce memory usage. Loaded Objects now: 2269.
Total: 2.811500 ms (FindLiveObjects: 0.197900 ms CreateObjectMapping: 0.120700 ms MarkObjects: 2.257800 ms  DeleteObjects: 0.234000 ms)

========================================================================
Received Import Request.
  path: Assets/Resources/Prefabs/Panel_exit.prefab
  artifactKey: Guid(58fc0ec6d4a68634eb5329744ec96bfd) Importer(815301076,1909f56bfc062723c751e8b465ee728b)
Start importing Assets/Resources/Prefabs/Panel_exit.prefab using Guid(58fc0ec6d4a68634eb5329744ec96bfd) Importer(815301076,1909f56bfc062723c751e8b465ee728b)  -> (artifact id: 'e915494aee5c2711e7f8cb5704f22ef4') in 0.046032 seconds
  Import took 0.050158 seconds .

========================================================================
Received Import Request.
  Time since last request: 8.049601 seconds.
  path: Assets/Scenes/Move.anim
  artifactKey: Guid(ef123156679024bd0a5363ddd3fad0c5) Importer(815301076,1909f56bfc062723c751e8b465ee728b)
Start importing Assets/Scenes/Move.anim using Guid(ef123156679024bd0a5363ddd3fad0c5) Importer(815301076,1909f56bfc062723c751e8b465ee728b)  -> (artifact id: '21d04587b8940cb656c688f1cfc19039') in 0.008266 seconds
  Import took 0.011858 seconds .

========================================================================
Received Import Request.
  Time since last request: 0.013733 seconds.
  path: Assets/Scenes/Move.anim
  artifactKey: Guid(ef123156679024bd0a5363ddd3fad0c5) Importer(815301076,1909f56bfc062723c751e8b465ee728b)
Start importing Assets/Scenes/Move.anim using Guid(ef123156679024bd0a5363ddd3fad0c5) Importer(815301076,1909f56bfc062723c751e8b465ee728b)  -> (artifact id: '21d04587b8940cb656c688f1cfc19039') in 0.002658 seconds
  Import took 0.007745 seconds .

========================================================================
Received Import Request.
  Time since last request: 29.731071 seconds.
  path: Assets/Scenes/Title.unity
  artifactKey: Guid(2cda990e2423bbf4892e6590ba056729) Importer(815301076,1909f56bfc062723c751e8b465ee728b)
Start importing Assets/Scenes/Title.unity using Guid(2cda990e2423bbf4892e6590ba056729) Importer(815301076,1909f56bfc062723c751e8b465ee728b)  -> (artifact id: 'fe02417f2edd6ff9ceda58abcc01c444') in 0.011341 seconds
  Import took 0.015657 seconds .

========================================================================
Received Import Request.
  Time since last request: 5.541409 seconds.
  path: Assets/Scenes/End.unity
  artifactKey: Guid(c0bca4c5483c4d74ebd3778f33ace20b) Importer(815301076,1909f56bfc062723c751e8b465ee728b)
Start importing Assets/Scenes/End.unity using Guid(c0bca4c5483c4d74ebd3778f33ace20b) Importer(815301076,1909f56bfc062723c751e8b465ee728b)  -> (artifact id: '97b1f485764efdb58a8c41805d77bcca') in 0.010581 seconds
  Import took 0.015910 seconds .

========================================================================
Received Import Request.
  Time since last request: 47.152437 seconds.
  path: Assets/Sonic 16-bit/UI/Fonts/Sonic 3K Act Clear.fontsettings
  artifactKey: Guid(58d683dc870765f449672c95c486b3f2) Importer(815301076,1909f56bfc062723c751e8b465ee728b)
Start importing Assets/Sonic 16-bit/UI/Fonts/Sonic 3K Act Clear.fontsettings using Guid(58d683dc870765f449672c95c486b3f2) Importer(815301076,1909f56bfc062723c751e8b465ee728b)  -> (artifact id: '34eb6d059be9bcd8aab26c0a57cb5e5e') in 0.008270 seconds
  Import took 0.013544 seconds .

========================================================================
Received Import Request.
  Time since last request: 0.000246 seconds.
  path: Assets/Sonic 16-bit/UI/Fonts/Sonic 3K Credits.fontsettings
  artifactKey: Guid(d7389b520cd3f6a4fbd3ca4d885a8f41) Importer(815301076,1909f56bfc062723c751e8b465ee728b)
Start importing Assets/Sonic 16-bit/UI/Fonts/Sonic 3K Credits.fontsettings using Guid(d7389b520cd3f6a4fbd3ca4d885a8f41) Importer(815301076,1909f56bfc062723c751e8b465ee728b)  -> (artifact id: '9438cfd67ef8232a95d5f6dd8976b591') in 0.015369 seconds
  Import took 0.018966 seconds .

========================================================================
Received Import Request.
  Time since last request: 1.090174 seconds.
  path: Assets/Resources/Prefabs/Panel_exit.prefab
  artifactKey: Guid(58fc0ec6d4a68634eb5329744ec96bfd) Importer(815301076,1909f56bfc062723c751e8b465ee728b)
Start importing Assets/Resources/Prefabs/Panel_exit.prefab using Guid(58fc0ec6d4a68634eb5329744ec96bfd) Importer(815301076,1909f56bfc062723c751e8b465ee728b)  -> (artifact id: '34944fb2f06a2330db5d7dc87adb4426') in 0.006691 seconds
  Import took 0.010910 seconds .

========================================================================
Received Prepare
Registering precompiled user dll's ...
Registered in 0.002129 seconds.
Begin MonoManager ReloadAssembly
Native extension for WindowsStandalone target not found
Refreshing native plugins compatible for Editor in 0.47 ms, found 1 plugins.
Preloading 0 native plugins for Editor in 0.00 ms.
Invoked RoslynAnalysisRunner static constructor.
RoslynAnalysisRunner will not be running.
RoslynAnalysisRunner has terminated.
Mono: successfully reloaded assembly
- Completed reload, in  1.143 seconds
Platform modules already initialized, skipping
Refreshing native plugins compatible for Editor in 1.99 ms, found 1 plugins.
Preloading 0 native plugins for Editor in 0.00 ms.
Unloading 1820 Unused Serialized files (Serialized files now loaded: 0)
System memory in use before: 85.4 MB.
System memory in use after: 85.4 MB.

Unloading 12 unused Assets to reduce memory usage. Loaded Objects now: 2275.
Total: 16.241700 ms (FindLiveObjects: 5.007400 ms CreateObjectMapping: 0.319700 ms MarkObjects: 10.734100 ms  DeleteObjects: 0.169100 ms)

========================================================================
Received Prepare
Registering precompiled user dll's ...
Registered in 0.003856 seconds.
Begin MonoManager ReloadAssembly
Native extension for WindowsStandalone target not found
Refreshing native plugins compatible for Editor in 0.49 ms, found 1 plugins.
Preloading 0 native plugins for Editor in 0.00 ms.
Invoked RoslynAnalysisRunner static constructor.
RoslynAnalysisRunner will not be running.
RoslynAnalysisRunner has terminated.
Mono: successfully reloaded assembly
- Completed reload, in  0.870 seconds
Platform modules already initialized, skipping
Refreshing native plugins compatible for Editor in 0.39 ms, found 1 plugins.
Preloading 0 native plugins for Editor in 0.00 ms.
Unloading 1820 Unused Serialized files (Serialized files now loaded: 0)
System memory in use before: 85.5 MB.
System memory in use after: 85.4 MB.

Unloading 12 unused Assets to reduce memory usage. Loaded Objects now: 2279.
Total: 4.578300 ms (FindLiveObjects: 0.178600 ms CreateObjectMapping: 0.064100 ms MarkObjects: 4.231700 ms  DeleteObjects: 0.102900 ms)

========================================================================
Received Import Request.
  Time since last request: 951.834689 seconds.
  path: Assets/Resources/Prefabs/Panel_exit.prefab
  artifactKey: Guid(58fc0ec6d4a68634eb5329744ec96bfd) Importer(815301076,1909f56bfc062723c751e8b465ee728b)
Start importing Assets/Resources/Prefabs/Panel_exit.prefab using Guid(58fc0ec6d4a68634eb5329744ec96bfd) Importer(815301076,1909f56bfc062723c751e8b465ee728b)  -> (artifact id: '0c0512682495821e18b01d9ca63a99f6') in 0.085304 seconds
  Import took 0.094497 seconds .

========================================================================
Received Import Request.
  Time since last request: 16.945482 seconds.
  path: Assets/Resources/Prefabs/Panel_exit.prefab
  artifactKey: Guid(58fc0ec6d4a68634eb5329744ec96bfd) Importer(815301076,1909f56bfc062723c751e8b465ee728b)
Start importing Assets/Resources/Prefabs/Panel_exit.prefab using Guid(58fc0ec6d4a68634eb5329744ec96bfd) Importer(815301076,1909f56bfc062723c751e8b465ee728b)  -> (artifact id: '4f14e59af34f89acf5c4dc34d88ec1de') in 0.012885 seconds
  Import took 0.017915 seconds .

========================================================================
Received Import Request.
  Time since last request: 18.986353 seconds.
  path: Assets/Resources/Prefabs/Panel_exit.prefab
  artifactKey: Guid(58fc0ec6d4a68634eb5329744ec96bfd) Importer(815301076,1909f56bfc062723c751e8b465ee728b)
Start importing Assets/Resources/Prefabs/Panel_exit.prefab using Guid(58fc0ec6d4a68634eb5329744ec96bfd) Importer(815301076,1909f56bfc062723c751e8b465ee728b)  -> (artifact id: '0cf5d51784a8a9f43d26828211390893') in 0.006542 seconds
  Import took 0.011105 seconds .

========================================================================
Received Import Request.
  Time since last request: 7.912067 seconds.
  path: Assets/Resources/Prefabs/Panel_exit.prefab
  artifactKey: Guid(58fc0ec6d4a68634eb5329744ec96bfd) Importer(815301076,1909f56bfc062723c751e8b465ee728b)
Start importing Assets/Resources/Prefabs/Panel_exit.prefab using Guid(58fc0ec6d4a68634eb5329744ec96bfd) Importer(815301076,1909f56bfc062723c751e8b465ee728b)  -> (artifact id: 'e3390e347415dcb3e2c354f41fa144fd') in 0.007904 seconds
  Import took 0.012603 seconds .

========================================================================
Received Prepare
Registering precompiled user dll's ...
Registered in 0.000777 seconds.
Begin MonoManager ReloadAssembly
Native extension for WindowsStandalone target not found
Refreshing native plugins compatible for Editor in 0.40 ms, found 1 plugins.
Preloading 0 native plugins for Editor in 0.00 ms.
Invoked RoslynAnalysisRunner static constructor.
RoslynAnalysisRunner will not be running.
RoslynAnalysisRunner has terminated.
Mono: successfully reloaded assembly
- Completed reload, in  0.759 seconds
Platform modules already initialized, skipping
Refreshing native plugins compatible for Editor in 0.61 ms, found 1 plugins.
Preloading 0 native plugins for Editor in 0.00 ms.
Unloading 1820 Unused Serialized files (Serialized files now loaded: 0)
System memory in use before: 85.5 MB.
System memory in use after: 85.5 MB.

Unloading 12 unused Assets to reduce memory usage. Loaded Objects now: 2283.
Total: 1.892500 ms (FindLiveObjects: 0.177800 ms CreateObjectMapping: 0.070500 ms MarkObjects: 1.552900 ms  DeleteObjects: 0.090500 ms)

========================================================================
Received Prepare
Registering precompiled user dll's ...
Registered in 0.000931 seconds.
Begin MonoManager ReloadAssembly
Native extension for WindowsStandalone target not found
Refreshing native plugins compatible for Editor in 0.38 ms, found 1 plugins.
Preloading 0 native plugins for Editor in 0.00 ms.
Invoked RoslynAnalysisRunner static constructor.
RoslynAnalysisRunner will not be running.
RoslynAnalysisRunner has terminated.
Mono: successfully reloaded assembly
- Completed reload, in  0.691 seconds
Platform modules already initialized, skipping
Refreshing native plugins compatible for Editor in 0.41 ms, found 1 plugins.
Preloading 0 native plugins for Editor in 0.00 ms.
Unloading 1820 Unused Serialized files (Serialized files now loaded: 0)
System memory in use before: 85.5 MB.
System memory in use after: 85.5 MB.

Unloading 12 unused Assets to reduce memory usage. Loaded Objects now: 2287.
Total: 1.840200 ms (FindLiveObjects: 0.205000 ms CreateObjectMapping: 0.068400 ms MarkObjects: 1.471800 ms  DeleteObjects: 0.094000 ms)

========================================================================
Received Import Request.
  Time since last request: 32.712418 seconds.
  path: Assets/Resources/Prefabs/Panel_exit.prefab
  artifactKey: Guid(58fc0ec6d4a68634eb5329744ec96bfd) Importer(815301076,1909f56bfc062723c751e8b465ee728b)
Start importing Assets/Resources/Prefabs/Panel_exit.prefab using Guid(58fc0ec6d4a68634eb5329744ec96bfd) Importer(815301076,1909f56bfc062723c751e8b465ee728b)  -> (artifact id: '482b113b997ae870734fa398ed22ede0') in 0.031322 seconds
  Import took 0.033930 seconds .

========================================================================
Received Import Request.
  Time since last request: 50.591532 seconds.
  path: Assets/Resources/Prefabs/Panel_exit.prefab
  artifactKey: Guid(58fc0ec6d4a68634eb5329744ec96bfd) Importer(815301076,1909f56bfc062723c751e8b465ee728b)
Start importing Assets/Resources/Prefabs/Panel_exit.prefab using Guid(58fc0ec6d4a68634eb5329744ec96bfd) Importer(815301076,1909f56bfc062723c751e8b465ee728b)  -> (artifact id: '5792847f225938f82d44f71d2cfbc9ca') in 0.006716 seconds
  Import took 0.011577 seconds .

========================================================================
Received Import Request.
  Time since last request: 29.507249 seconds.
  path: Assets/Resources/Prefabs/Panel_exit.prefab
  artifactKey: Guid(58fc0ec6d4a68634eb5329744ec96bfd) Importer(815301076,1909f56bfc062723c751e8b465ee728b)
Start importing Assets/Resources/Prefabs/Panel_exit.prefab using Guid(58fc0ec6d4a68634eb5329744ec96bfd) Importer(815301076,1909f56bfc062723c751e8b465ee728b)  -> (artifact id: '47b61c35b75b0e898c06c39a01f8bd34') in 0.007094 seconds
  Import took 0.011678 seconds .

========================================================================
Received Import Request.
  Time since last request: 4.256117 seconds.
  path: Assets/Resources/Prefabs/Panel_exit.prefab
  artifactKey: Guid(58fc0ec6d4a68634eb5329744ec96bfd) Importer(815301076,1909f56bfc062723c751e8b465ee728b)
Start importing Assets/Resources/Prefabs/Panel_exit.prefab using Guid(58fc0ec6d4a68634eb5329744ec96bfd) Importer(815301076,1909f56bfc062723c751e8b465ee728b)  -> (artifact id: 'cf3fee76a3f06e5ee02f362fa88c1dbe') in 0.006206 seconds
  Import took 0.009788 seconds .

========================================================================
Received Import Request.
  Time since last request: 9.896402 seconds.
  path: Assets/Resources/Prefabs/Panel_exit.prefab
  artifactKey: Guid(58fc0ec6d4a68634eb5329744ec96bfd) Importer(815301076,1909f56bfc062723c751e8b465ee728b)
Start importing Assets/Resources/Prefabs/Panel_exit.prefab using Guid(58fc0ec6d4a68634eb5329744ec96bfd) Importer(815301076,1909f56bfc062723c751e8b465ee728b)  -> (artifact id: '30caf1c4e7ba43eee69d4fb22cabf4b6') in 0.010841 seconds
  Import took 0.014143 seconds .

========================================================================
Received Import Request.
  Time since last request: 3.818827 seconds.
  path: Assets/Resources/Prefabs/Panel_exit.prefab
  artifactKey: Guid(58fc0ec6d4a68634eb5329744ec96bfd) Importer(815301076,1909f56bfc062723c751e8b465ee728b)
Start importing Assets/Resources/Prefabs/Panel_exit.prefab using Guid(58fc0ec6d4a68634eb5329744ec96bfd) Importer(815301076,1909f56bfc062723c751e8b465ee728b)  -> (artifact id: '7a5c69518001fb0019b0e47d59270b50') in 0.006542 seconds
  Import took 0.010639 seconds .

========================================================================
Received Import Request.
  Time since last request: 2.809218 seconds.
  path: Assets/Resources/Prefabs/Panel_exit.prefab
  artifactKey: Guid(58fc0ec6d4a68634eb5329744ec96bfd) Importer(815301076,1909f56bfc062723c751e8b465ee728b)
Start importing Assets/Resources/Prefabs/Panel_exit.prefab using Guid(58fc0ec6d4a68634eb5329744ec96bfd) Importer(815301076,1909f56bfc062723c751e8b465ee728b)  -> (artifact id: '7acf52b1dac40664b726e49dfe1d5bea') in 0.010652 seconds
  Import took 0.013956 seconds .

========================================================================
Received Import Request.
  Time since last request: 2.649421 seconds.
  path: Assets/Resources/Prefabs/Panel_exit.prefab
  artifactKey: Guid(58fc0ec6d4a68634eb5329744ec96bfd) Importer(815301076,1909f56bfc062723c751e8b465ee728b)
Start importing Assets/Resources/Prefabs/Panel_exit.prefab using Guid(58fc0ec6d4a68634eb5329744ec96bfd) Importer(815301076,1909f56bfc062723c751e8b465ee728b)  -> (artifact id: '4f4d19c9a2c3a21c166d46f241f367a2') in 0.006419 seconds
  Import took 0.009306 seconds .

========================================================================
Received Import Request.
  Time since last request: 13.586997 seconds.
  path: Assets/Resources/Prefabs/Panel_exit.prefab
  artifactKey: Guid(58fc0ec6d4a68634eb5329744ec96bfd) Importer(815301076,1909f56bfc062723c751e8b465ee728b)
Start importing Assets/Resources/Prefabs/Panel_exit.prefab using Guid(58fc0ec6d4a68634eb5329744ec96bfd) Importer(815301076,1909f56bfc062723c751e8b465ee728b)  -> (artifact id: '1ed7c667e7938f91b4bd3e35cdaf8205') in 0.005609 seconds
  Import took 0.010767 seconds .

========================================================================
Received Import Request.
  Time since last request: 3.427014 seconds.
  path: Assets/Resources/Prefabs/Panel_exit.prefab
  artifactKey: Guid(58fc0ec6d4a68634eb5329744ec96bfd) Importer(815301076,1909f56bfc062723c751e8b465ee728b)
Start importing Assets/Resources/Prefabs/Panel_exit.prefab using Guid(58fc0ec6d4a68634eb5329744ec96bfd) Importer(815301076,1909f56bfc062723c751e8b465ee728b)  -> (artifact id: '9ec83c63c8099741f93cda7b931844c5') in 0.009569 seconds
  Import took 0.014429 seconds .

========================================================================
Received Import Request.
  Time since last request: 1.598430 seconds.
  path: Assets/Resources/Prefabs/Panel_exit.prefab
  artifactKey: Guid(58fc0ec6d4a68634eb5329744ec96bfd) Importer(815301076,1909f56bfc062723c751e8b465ee728b)
Start importing Assets/Resources/Prefabs/Panel_exit.prefab using Guid(58fc0ec6d4a68634eb5329744ec96bfd) Importer(815301076,1909f56bfc062723c751e8b465ee728b)  -> (artifact id: '261ea0fff47476598b704885aaf29360') in 0.006655 seconds
  Import took 0.009993 seconds .

========================================================================
Received Import Request.
  Time since last request: 11.571859 seconds.
  path: Assets/Resources/Prefabs/Panel_exit.prefab
  artifactKey: Guid(58fc0ec6d4a68634eb5329744ec96bfd) Importer(815301076,1909f56bfc062723c751e8b465ee728b)
Start importing Assets/Resources/Prefabs/Panel_exit.prefab using Guid(58fc0ec6d4a68634eb5329744ec96bfd) Importer(815301076,1909f56bfc062723c751e8b465ee728b)  -> (artifact id: '119b0390fa8ed3bcd07dae9ec0c6aece') in 0.010816 seconds
  Import took 0.014326 seconds .

========================================================================
Received Import Request.
  Time since last request: 17.352598 seconds.
  path: Assets/Resources/Prefabs/Panel_exit.prefab
  artifactKey: Guid(58fc0ec6d4a68634eb5329744ec96bfd) Importer(815301076,1909f56bfc062723c751e8b465ee728b)
Start importing Assets/Resources/Prefabs/Panel_exit.prefab using Guid(58fc0ec6d4a68634eb5329744ec96bfd) Importer(815301076,1909f56bfc062723c751e8b465ee728b)  -> (artifact id: '40355c48a476ac3b96a8ea454668123b') in 0.005466 seconds
  Import took 0.009045 seconds .

========================================================================
Received Import Request.
  Time since last request: 4.634559 seconds.
  path: Assets/Resources/Prefabs/Panel_exit.prefab
  artifactKey: Guid(58fc0ec6d4a68634eb5329744ec96bfd) Importer(815301076,1909f56bfc062723c751e8b465ee728b)
Start importing Assets/Resources/Prefabs/Panel_exit.prefab using Guid(58fc0ec6d4a68634eb5329744ec96bfd) Importer(815301076,1909f56bfc062723c751e8b465ee728b)  -> (artifact id: '30ea73c9356b875097ac86d3b3f74688') in 0.007175 seconds
  Import took 0.011229 seconds .

========================================================================
Received Import Request.
  Time since last request: 5.233576 seconds.
  path: Assets/Resources/Prefabs/Panel_exit.prefab
  artifactKey: Guid(58fc0ec6d4a68634eb5329744ec96bfd) Importer(815301076,1909f56bfc062723c751e8b465ee728b)
Start importing Assets/Resources/Prefabs/Panel_exit.prefab using Guid(58fc0ec6d4a68634eb5329744ec96bfd) Importer(815301076,1909f56bfc062723c751e8b465ee728b)  -> (artifact id: '4c83d27db63538e07fae60cf5bdb9d2a') in 0.007472 seconds
  Import took 0.010789 seconds .

========================================================================
Received Import Request.
  Time since last request: 1.596181 seconds.
  path: Assets/Resources/Prefabs/Panel_exit.prefab
  artifactKey: Guid(58fc0ec6d4a68634eb5329744ec96bfd) Importer(815301076,1909f56bfc062723c751e8b465ee728b)
Start importing Assets/Resources/Prefabs/Panel_exit.prefab using Guid(58fc0ec6d4a68634eb5329744ec96bfd) Importer(815301076,1909f56bfc062723c751e8b465ee728b)  -> (artifact id: 'f7f8fb443c22a6fdd5adea3b32313d58') in 0.006255 seconds
  Import took 0.010452 seconds .

========================================================================
Received Import Request.
  Time since last request: 4.840069 seconds.
  path: Assets/Resources/Prefabs/Panel_exit.prefab
  artifactKey: Guid(58fc0ec6d4a68634eb5329744ec96bfd) Importer(815301076,1909f56bfc062723c751e8b465ee728b)
Start importing Assets/Resources/Prefabs/Panel_exit.prefab using Guid(58fc0ec6d4a68634eb5329744ec96bfd) Importer(815301076,1909f56bfc062723c751e8b465ee728b)  -> (artifact id: 'accc03be89418f3978ed19156d78cef1') in 0.006044 seconds
  Import took 0.009742 seconds .

========================================================================
Received Import Request.
  Time since last request: 1.196508 seconds.
  path: Assets/Resources/Prefabs/Panel_exit.prefab
  artifactKey: Guid(58fc0ec6d4a68634eb5329744ec96bfd) Importer(815301076,1909f56bfc062723c751e8b465ee728b)
Start importing Assets/Resources/Prefabs/Panel_exit.prefab using Guid(58fc0ec6d4a68634eb5329744ec96bfd) Importer(815301076,1909f56bfc062723c751e8b465ee728b)  -> (artifact id: 'cae816b8bc043679d24c27ed10c22389') in 0.006886 seconds
  Import took 0.011087 seconds .

========================================================================
Received Import Request.
  Time since last request: 0.794373 seconds.
  path: Assets/Resources/Prefabs/Panel_exit.prefab
  artifactKey: Guid(58fc0ec6d4a68634eb5329744ec96bfd) Importer(815301076,1909f56bfc062723c751e8b465ee728b)
Start importing Assets/Resources/Prefabs/Panel_exit.prefab using Guid(58fc0ec6d4a68634eb5329744ec96bfd) Importer(815301076,1909f56bfc062723c751e8b465ee728b)  -> (artifact id: '2e6afa8b1abe3f32b62ece2847b6f0fb') in 0.005335 seconds
  Import took 0.010397 seconds .

========================================================================
Received Import Request.
  Time since last request: 3.029578 seconds.
  path: Assets/Resources/Prefabs/Panel_exit.prefab
  artifactKey: Guid(58fc0ec6d4a68634eb5329744ec96bfd) Importer(815301076,1909f56bfc062723c751e8b465ee728b)
Start importing Assets/Resources/Prefabs/Panel_exit.prefab using Guid(58fc0ec6d4a68634eb5329744ec96bfd) Importer(815301076,1909f56bfc062723c751e8b465ee728b)  -> (artifact id: '6686f2e155a23e6463faea615d49b774') in 0.008904 seconds
  Import took 0.013951 seconds .

========================================================================
Received Import Request.
  Time since last request: 2.222906 seconds.
  path: Assets/Resources/Prefabs/Panel_exit.prefab
  artifactKey: Guid(58fc0ec6d4a68634eb5329744ec96bfd) Importer(815301076,1909f56bfc062723c751e8b465ee728b)
Start importing Assets/Resources/Prefabs/Panel_exit.prefab using Guid(58fc0ec6d4a68634eb5329744ec96bfd) Importer(815301076,1909f56bfc062723c751e8b465ee728b)  -> (artifact id: '169e94290d3d101ad968c6397d418ebb') in 0.006929 seconds
  Import took 0.011873 seconds .

========================================================================
Received Import Request.
  Time since last request: 1.205913 seconds.
  path: Assets/Resources/Prefabs/Panel_exit.prefab
  artifactKey: Guid(58fc0ec6d4a68634eb5329744ec96bfd) Importer(815301076,1909f56bfc062723c751e8b465ee728b)
Start importing Assets/Resources/Prefabs/Panel_exit.prefab using Guid(58fc0ec6d4a68634eb5329744ec96bfd) Importer(815301076,1909f56bfc062723c751e8b465ee728b)  -> (artifact id: 'b7a593d95c68c9c3a933c5fbd72d264b') in 0.006334 seconds
  Import took 0.010013 seconds .

========================================================================
Received Import Request.
  Time since last request: 2.020518 seconds.
  path: Assets/Resources/Prefabs/Panel_exit.prefab
  artifactKey: Guid(58fc0ec6d4a68634eb5329744ec96bfd) Importer(815301076,1909f56bfc062723c751e8b465ee728b)
Start importing Assets/Resources/Prefabs/Panel_exit.prefab using Guid(58fc0ec6d4a68634eb5329744ec96bfd) Importer(815301076,1909f56bfc062723c751e8b465ee728b)  -> (artifact id: '38b9acbb5903a2228a80b8e6e5e29972') in 0.006874 seconds
  Import took 0.011521 seconds .

========================================================================
Received Import Request.
  Time since last request: 2.597125 seconds.
  path: Assets/Resources/Prefabs/Panel_exit.prefab
  artifactKey: Guid(58fc0ec6d4a68634eb5329744ec96bfd) Importer(815301076,1909f56bfc062723c751e8b465ee728b)
Start importing Assets/Resources/Prefabs/Panel_exit.prefab using Guid(58fc0ec6d4a68634eb5329744ec96bfd) Importer(815301076,1909f56bfc062723c751e8b465ee728b)  -> (artifact id: 'f2d5f95259707341087e200a5c8de59b') in 0.006354 seconds
  Import took 0.009161 seconds .

========================================================================
Received Import Request.
  Time since last request: 2.016734 seconds.
  path: Assets/Resources/Prefabs/Panel_exit.prefab
  artifactKey: Guid(58fc0ec6d4a68634eb5329744ec96bfd) Importer(815301076,1909f56bfc062723c751e8b465ee728b)
Start importing Assets/Resources/Prefabs/Panel_exit.prefab using Guid(58fc0ec6d4a68634eb5329744ec96bfd) Importer(815301076,1909f56bfc062723c751e8b465ee728b)  -> (artifact id: '04c158c7443747b84c7a048a0545ffb0') in 0.006359 seconds
  Import took 0.009305 seconds .

========================================================================
Received Import Request.
  Time since last request: 8.897827 seconds.
  path: Assets/Resources/Prefabs/Panel_exit.prefab
  artifactKey: Guid(58fc0ec6d4a68634eb5329744ec96bfd) Importer(815301076,1909f56bfc062723c751e8b465ee728b)
Start importing Assets/Resources/Prefabs/Panel_exit.prefab using Guid(58fc0ec6d4a68634eb5329744ec96bfd) Importer(815301076,1909f56bfc062723c751e8b465ee728b)  -> (artifact id: '9225e59166ecc52881e13b9a82761704') in 0.008762 seconds
  Import took 0.013250 seconds .

========================================================================
Received Prepare
Registering precompiled user dll's ...
Registered in 0.001138 seconds.
Begin MonoManager ReloadAssembly
Native extension for WindowsStandalone target not found
Refreshing native plugins compatible for Editor in 0.66 ms, found 1 plugins.
Preloading 0 native plugins for Editor in 0.00 ms.
Invoked RoslynAnalysisRunner static constructor.
RoslynAnalysisRunner will not be running.
RoslynAnalysisRunner has terminated.
Mono: successfully reloaded assembly
- Completed reload, in  0.790 seconds
Platform modules already initialized, skipping
Refreshing native plugins compatible for Editor in 0.39 ms, found 1 plugins.
Preloading 0 native plugins for Editor in 0.00 ms.
Unloading 1820 Unused Serialized files (Serialized files now loaded: 0)
System memory in use before: 85.5 MB.
System memory in use after: 85.5 MB.

Unloading 12 unused Assets to reduce memory usage. Loaded Objects now: 2291.
Total: 1.848500 ms (FindLiveObjects: 0.270700 ms CreateObjectMapping: 0.084500 ms MarkObjects: 1.404300 ms  DeleteObjects: 0.087800 ms)

========================================================================
Received Import Request.
  Time since last request: 21.087545 seconds.
  path: Assets/Resources/Prefabs/Panel_exit.prefab
  artifactKey: Guid(58fc0ec6d4a68634eb5329744ec96bfd) Importer(815301076,1909f56bfc062723c751e8b465ee728b)
Start importing Assets/Resources/Prefabs/Panel_exit.prefab using Guid(58fc0ec6d4a68634eb5329744ec96bfd) Importer(815301076,1909f56bfc062723c751e8b465ee728b)  -> (artifact id: 'cd348db7bb9e373b9e79ab221bfb52c6') in 0.040085 seconds
  Import took 0.043059 seconds .

========================================================================
Received Prepare
Registering precompiled user dll's ...
Registered in 0.001407 seconds.
Begin MonoManager ReloadAssembly
Native extension for WindowsStandalone target not found
Refreshing native plugins compatible for Editor in 0.38 ms, found 1 plugins.
Preloading 0 native plugins for Editor in 0.00 ms.
Invoked RoslynAnalysisRunner static constructor.
RoslynAnalysisRunner will not be running.
RoslynAnalysisRunner has terminated.
Mono: successfully reloaded assembly
- Completed reload, in  0.788 seconds
Platform modules already initialized, skipping
Refreshing native plugins compatible for Editor in 0.41 ms, found 1 plugins.
Preloading 0 native plugins for Editor in 0.00 ms.
Unloading 1820 Unused Serialized files (Serialized files now loaded: 0)
System memory in use before: 85.5 MB.
System memory in use after: 85.5 MB.

Unloading 12 unused Assets to reduce memory usage. Loaded Objects now: 2295.
Total: 1.816800 ms (FindLiveObjects: 0.251900 ms CreateObjectMapping: 0.080800 ms MarkObjects: 1.392400 ms  DeleteObjects: 0.090700 ms)

========================================================================
Received Prepare
Registering precompiled user dll's ...
Registered in 0.000818 seconds.
Begin MonoManager ReloadAssembly
Native extension for WindowsStandalone target not found
Refreshing native plugins compatible for Editor in 0.37 ms, found 1 plugins.
Preloading 0 native plugins for Editor in 0.00 ms.
Invoked RoslynAnalysisRunner static constructor.
RoslynAnalysisRunner will not be running.
RoslynAnalysisRunner has terminated.
Mono: successfully reloaded assembly
- Completed reload, in  0.757 seconds
Platform modules already initialized, skipping
Refreshing native plugins compatible for Editor in 0.39 ms, found 1 plugins.
Preloading 0 native plugins for Editor in 0.00 ms.
Unloading 1820 Unused Serialized files (Serialized files now loaded: 0)
System memory in use before: 85.5 MB.
System memory in use after: 85.5 MB.

Unloading 12 unused Assets to reduce memory usage. Loaded Objects now: 2299.
Total: 1.687000 ms (FindLiveObjects: 0.174800 ms CreateObjectMapping: 0.059900 ms MarkObjects: 1.362400 ms  DeleteObjects: 0.088900 ms)

========================================================================
Received Import Request.
  Time since last request: 189.568812 seconds.
  path: Assets/Resources/Prefabs/Panel_exit.prefab
  artifactKey: Guid(58fc0ec6d4a68634eb5329744ec96bfd) Importer(815301076,1909f56bfc062723c751e8b465ee728b)
Start importing Assets/Resources/Prefabs/Panel_exit.prefab using Guid(58fc0ec6d4a68634eb5329744ec96bfd) Importer(815301076,1909f56bfc062723c751e8b465ee728b)  -> (artifact id: '61d1c1f18ff24781101c19592b7dba50') in 0.082202 seconds
  Import took 0.093959 seconds .

========================================================================
Received Import Request.
  Time since last request: 5.031027 seconds.
  path: Assets/Resources/Prefabs/Panel_exit.prefab
  artifactKey: Guid(58fc0ec6d4a68634eb5329744ec96bfd) Importer(815301076,1909f56bfc062723c751e8b465ee728b)
Start importing Assets/Resources/Prefabs/Panel_exit.prefab using Guid(58fc0ec6d4a68634eb5329744ec96bfd) Importer(815301076,1909f56bfc062723c751e8b465ee728b)  -> (artifact id: '79b01c903f1b6d255e0c0b2cea908c20') in 0.006330 seconds
  Import took 0.009807 seconds .

========================================================================
Received Prepare
Registering precompiled user dll's ...
Registered in 0.000953 seconds.
Begin MonoManager ReloadAssembly
Native extension for WindowsStandalone target not found
Refreshing native plugins compatible for Editor in 0.41 ms, found 1 plugins.
Preloading 0 native plugins for Editor in 0.00 ms.
Invoked RoslynAnalysisRunner static constructor.
RoslynAnalysisRunner will not be running.
RoslynAnalysisRunner has terminated.
Mono: successfully reloaded assembly
- Completed reload, in  0.843 seconds
Platform modules already initialized, skipping
Refreshing native plugins compatible for Editor in 0.39 ms, found 1 plugins.
Preloading 0 native plugins for Editor in 0.00 ms.
Unloading 1820 Unused Serialized files (Serialized files now loaded: 0)
System memory in use before: 85.5 MB.
System memory in use after: 85.5 MB.

Unloading 12 unused Assets to reduce memory usage. Loaded Objects now: 2303.
Total: 1.816300 ms (FindLiveObjects: 0.183800 ms CreateObjectMapping: 0.070600 ms MarkObjects: 1.469200 ms  DeleteObjects: 0.091700 ms)

========================================================================
Received Import Request.
  Time since last request: 91.208112 seconds.
  path: Assets/Resources/Prefabs/Panel_exit.prefab
  artifactKey: Guid(58fc0ec6d4a68634eb5329744ec96bfd) Importer(815301076,1909f56bfc062723c751e8b465ee728b)
Start importing Assets/Resources/Prefabs/Panel_exit.prefab using Guid(58fc0ec6d4a68634eb5329744ec96bfd) Importer(815301076,1909f56bfc062723c751e8b465ee728b)  -> (artifact id: '77d0779f1f99c0a8f9f2858a793f68af') in 0.041667 seconds
  Import took 0.045855 seconds .

========================================================================
Received Prepare
Registering precompiled user dll's ...
Registered in 0.003233 seconds.
Begin MonoManager ReloadAssembly
Native extension for WindowsStandalone target not found
Refreshing native plugins compatible for Editor in 0.61 ms, found 1 plugins.
Preloading 0 native plugins for Editor in 0.00 ms.
Invoked RoslynAnalysisRunner static constructor.
RoslynAnalysisRunner will not be running.
RoslynAnalysisRunner has terminated.
Mono: successfully reloaded assembly
- Completed reload, in  1.369 seconds
Platform modules already initialized, skipping
Refreshing native plugins compatible for Editor in 0.87 ms, found 1 plugins.
Preloading 0 native plugins for Editor in 0.00 ms.
Unloading 1820 Unused Serialized files (Serialized files now loaded: 0)
System memory in use before: 85.6 MB.
System memory in use after: 85.5 MB.

Unloading 12 unused Assets to reduce memory usage. Loaded Objects now: 2307.
Total: 4.475900 ms (FindLiveObjects: 0.599100 ms CreateObjectMapping: 0.226000 ms MarkObjects: 3.516500 ms  DeleteObjects: 0.128700 ms)

AssetImportWorkerClient::OnTransportError - code=2 error=End of file
