Using pre-set license
Built from '2020.3/release' branch; Version is '2020.3.1f1 (77a89f25062f) revision 7841951'; Using compiler version '192528614'; Build Type 'Release'
OS: 'Windows 10 Home Single Language; OS build 19041.1052; Version 2004; 64bit' Language: 'en' Physical Memory: 8029 MB
BatchMode: 1, IsHumanControllingUs: 0, StartBugReporterOnCrash: 0, Is64bit: 1, IsPro: 0

 COMMAND LINE ARGUMENTS:
C:\Program Files\Unity\Hub\Editor\2020.3.1f1\Editor\Unity.exe
-adb2
-batchMode
-noUpm
-name
AssetImportWorker0
-projectPath
D:/LtGame/SonicEternal
-logFile
Logs/AssetImportWorker0.log
-srvPort
51005
Successfully changed project path to: D:/LtGame/SonicEternal
D:/LtGame/SonicEternal
Using Asset Import Pipeline V2.
Refreshing native plugins compatible for Editor in 94.97 ms, found 1 plugins.
Preloading 0 native plugins for Editor in 0.00 ms.
Initialize engine version: 2020.3.1f1 (77a89f25062f)
[Subsystems] Discovering subsystems at path C:/Program Files/Unity/Hub/Editor/2020.3.1f1/Editor/Data/Resources/UnitySubsystems
[Subsystems] Discovering subsystems at path D:/LtGame/SonicEternal/Assets
GfxDevice: creating device client; threaded=0
Direct3D:
    Version:  Direct3D 11.0 [level 11.1]
    Renderer: NVIDIA GeForce GTX 1650 (ID=0x1f99)
    Vendor:   
    VRAM:     3962 MB
    Driver:   30.0.14.7111
Initialize mono
Mono path[0] = 'C:/Program Files/Unity/Hub/Editor/2020.3.1f1/Editor/Data/Managed'
Mono path[1] = 'C:/Program Files/Unity/Hub/Editor/2020.3.1f1/Editor/Data/MonoBleedingEdge/lib/mono/unityjit'
Mono config path = 'C:/Program Files/Unity/Hub/Editor/2020.3.1f1/Editor/Data/MonoBleedingEdge/etc'
Using monoOptions --debugger-agent=transport=dt_socket,embedding=1,server=y,suspend=n,address=127.0.0.1:56652
Begin MonoManager ReloadAssembly
Registering precompiled unity dll's ...
Register platform support module: C:/Program Files/Unity/Hub/Editor/2020.3.1f1/Editor/Data/PlaybackEngines/WindowsStandaloneSupport/UnityEditor.WindowsStandalone.Extensions.dll
Registered in 0.002500 seconds.
Native extension for WindowsStandalone target not found
Refreshing native plugins compatible for Editor in 46.67 ms, found 1 plugins.
Preloading 0 native plugins for Editor in 0.00 ms.
Invoked RoslynAnalysisRunner static constructor.
RoslynAnalysisRunner will not be running.
RoslynAnalysisRunner has terminated.
Mono: successfully reloaded assembly
- Completed reload, in  1.577 seconds
Platform modules already initialized, skipping
Registering precompiled user dll's ...
Registered in 0.000810 seconds.
Begin MonoManager ReloadAssembly
Native extension for WindowsStandalone target not found
Refreshing native plugins compatible for Editor in 47.98 ms, found 1 plugins.
Preloading 0 native plugins for Editor in 0.00 ms.
Invoked RoslynAnalysisRunner static constructor.
RoslynAnalysisRunner will not be running.
RoslynAnalysisRunner has terminated.
Mono: successfully reloaded assembly
- Completed reload, in  0.865 seconds
Platform modules already initialized, skipping
========================================================================
Worker process is ready to serve import requests
Launched and connected shader compiler UnityShaderCompiler.exe after 0.03 seconds
Refreshing native plugins compatible for Editor in 0.47 ms, found 1 plugins.
Preloading 0 native plugins for Editor in 0.00 ms.
Unloading 1824 Unused Serialized files (Serialized files now loaded: 0)
System memory in use before: 85.4 MB.
System memory in use after: 85.4 MB.

Unloading 24 unused Assets to reduce memory usage. Loaded Objects now: 2268.
Total: 1.940500 ms (FindLiveObjects: 0.193500 ms CreateObjectMapping: 0.087200 ms MarkObjects: 1.556600 ms  DeleteObjects: 0.102400 ms)

========================================================================
Received Import Request.
  path: Assets/Resources/Prefabs/Sonic.prefab
  artifactKey: Guid(bdfcde6b042baad4b9682720ce9132da) Importer(815301076,1909f56bfc062723c751e8b465ee728b)
Start importing Assets/Resources/Prefabs/Sonic.prefab using Guid(bdfcde6b042baad4b9682720ce9132da) Importer(815301076,1909f56bfc062723c751e8b465ee728b)  -> (artifact id: 'dd765904c17e852399b6bdd18646a400') in 0.091350 seconds
  Import took 0.094579 seconds .

========================================================================
Received Prepare
Registering precompiled user dll's ...
Registered in 0.002651 seconds.
Begin MonoManager ReloadAssembly
Native extension for WindowsStandalone target not found
Refreshing native plugins compatible for Editor in 0.39 ms, found 1 plugins.
Preloading 0 native plugins for Editor in 0.00 ms.
Invoked RoslynAnalysisRunner static constructor.
RoslynAnalysisRunner will not be running.
RoslynAnalysisRunner has terminated.
Mono: successfully reloaded assembly
- Completed reload, in  0.879 seconds
Platform modules already initialized, skipping
Refreshing native plugins compatible for Editor in 0.39 ms, found 1 plugins.
Preloading 0 native plugins for Editor in 0.00 ms.
Unloading 1819 Unused Serialized files (Serialized files now loaded: 0)
System memory in use before: 88.5 MB.
System memory in use after: 88.5 MB.

Unloading 12 unused Assets to reduce memory usage. Loaded Objects now: 2279.
Total: 2.006000 ms (FindLiveObjects: 0.275600 ms CreateObjectMapping: 0.135800 ms MarkObjects: 1.505400 ms  DeleteObjects: 0.087700 ms)

========================================================================
Received Import Request.
  Time since last request: 103.399497 seconds.
  path: Assets/Resources/Prefabs/Sonic.prefab
  artifactKey: Guid(bdfcde6b042baad4b9682720ce9132da) Importer(815301076,1909f56bfc062723c751e8b465ee728b)
Start importing Assets/Resources/Prefabs/Sonic.prefab using Guid(bdfcde6b042baad4b9682720ce9132da) Importer(815301076,1909f56bfc062723c751e8b465ee728b)  -> (artifact id: 'c486210962e36553c2b7e11f997f5ba2') in 0.077625 seconds
  Import took 0.081731 seconds .

========================================================================
Received Prepare
Registering precompiled user dll's ...
Registered in 0.000847 seconds.
Begin MonoManager ReloadAssembly
Native extension for WindowsStandalone target not found
Refreshing native plugins compatible for Editor in 0.38 ms, found 1 plugins.
Preloading 0 native plugins for Editor in 0.00 ms.
Invoked RoslynAnalysisRunner static constructor.
RoslynAnalysisRunner will not be running.
RoslynAnalysisRunner has terminated.
Mono: successfully reloaded assembly
- Completed reload, in  0.769 seconds
Platform modules already initialized, skipping
Refreshing native plugins compatible for Editor in 0.48 ms, found 1 plugins.
Preloading 0 native plugins for Editor in 0.00 ms.
Unloading 1819 Unused Serialized files (Serialized files now loaded: 0)
System memory in use before: 88.6 MB.
System memory in use after: 88.6 MB.

Unloading 12 unused Assets to reduce memory usage. Loaded Objects now: 2284.
Total: 1.662500 ms (FindLiveObjects: 0.184000 ms CreateObjectMapping: 0.062300 ms MarkObjects: 1.327600 ms  DeleteObjects: 0.087600 ms)

========================================================================
Received Prepare
Registering precompiled user dll's ...
Registered in 0.000903 seconds.
Begin MonoManager ReloadAssembly
Native extension for WindowsStandalone target not found
Refreshing native plugins compatible for Editor in 0.38 ms, found 1 plugins.
Preloading 0 native plugins for Editor in 0.00 ms.
Invoked RoslynAnalysisRunner static constructor.
RoslynAnalysisRunner will not be running.
RoslynAnalysisRunner has terminated.
Mono: successfully reloaded assembly
- Completed reload, in  0.863 seconds
Platform modules already initialized, skipping
Refreshing native plugins compatible for Editor in 0.42 ms, found 1 plugins.
Preloading 0 native plugins for Editor in 0.00 ms.
Unloading 1819 Unused Serialized files (Serialized files now loaded: 0)
System memory in use before: 88.6 MB.
System memory in use after: 88.6 MB.

Unloading 12 unused Assets to reduce memory usage. Loaded Objects now: 2288.
Total: 2.277300 ms (FindLiveObjects: 0.284300 ms CreateObjectMapping: 0.115400 ms MarkObjects: 1.748800 ms  DeleteObjects: 0.126900 ms)

========================================================================
Received Prepare
Registering precompiled user dll's ...
Registered in 0.000963 seconds.
Begin MonoManager ReloadAssembly
Native extension for WindowsStandalone target not found
Refreshing native plugins compatible for Editor in 0.42 ms, found 1 plugins.
Preloading 0 native plugins for Editor in 0.00 ms.
Invoked RoslynAnalysisRunner static constructor.
RoslynAnalysisRunner will not be running.
RoslynAnalysisRunner has terminated.
Mono: successfully reloaded assembly
- Completed reload, in  0.925 seconds
Platform modules already initialized, skipping
Refreshing native plugins compatible for Editor in 0.38 ms, found 1 plugins.
Preloading 0 native plugins for Editor in 0.00 ms.
Unloading 1819 Unused Serialized files (Serialized files now loaded: 0)
System memory in use before: 88.6 MB.
System memory in use after: 88.6 MB.

Unloading 12 unused Assets to reduce memory usage. Loaded Objects now: 2292.
Total: 1.833200 ms (FindLiveObjects: 0.186700 ms CreateObjectMapping: 0.059900 ms MarkObjects: 1.493300 ms  DeleteObjects: 0.092400 ms)

========================================================================
Received Prepare
Registering precompiled user dll's ...
Registered in 0.001231 seconds.
Begin MonoManager ReloadAssembly
Native extension for WindowsStandalone target not found
Refreshing native plugins compatible for Editor in 0.45 ms, found 1 plugins.
Preloading 0 native plugins for Editor in 0.00 ms.
Invoked RoslynAnalysisRunner static constructor.
RoslynAnalysisRunner will not be running.
RoslynAnalysisRunner has terminated.
Mono: successfully reloaded assembly
- Completed reload, in  0.714 seconds
Platform modules already initialized, skipping
Refreshing native plugins compatible for Editor in 0.39 ms, found 1 plugins.
Preloading 0 native plugins for Editor in 0.00 ms.
Unloading 1819 Unused Serialized files (Serialized files now loaded: 0)
System memory in use before: 88.6 MB.
System memory in use after: 88.6 MB.

Unloading 12 unused Assets to reduce memory usage. Loaded Objects now: 2296.
Total: 2.025700 ms (FindLiveObjects: 0.186600 ms CreateObjectMapping: 0.070100 ms MarkObjects: 1.622400 ms  DeleteObjects: 0.145600 ms)

========================================================================
Received Prepare
Registering precompiled user dll's ...
Registered in 0.000801 seconds.
Begin MonoManager ReloadAssembly
Native extension for WindowsStandalone target not found
Refreshing native plugins compatible for Editor in 0.43 ms, found 1 plugins.
Preloading 0 native plugins for Editor in 0.00 ms.
Invoked RoslynAnalysisRunner static constructor.
RoslynAnalysisRunner will not be running.
RoslynAnalysisRunner has terminated.
Mono: successfully reloaded assembly
- Completed reload, in  1.010 seconds
Platform modules already initialized, skipping
Refreshing native plugins compatible for Editor in 0.43 ms, found 1 plugins.
Preloading 0 native plugins for Editor in 0.00 ms.
Unloading 1819 Unused Serialized files (Serialized files now loaded: 0)
System memory in use before: 88.6 MB.
System memory in use after: 88.6 MB.

Unloading 12 unused Assets to reduce memory usage. Loaded Objects now: 2300.
Total: 2.190000 ms (FindLiveObjects: 0.323400 ms CreateObjectMapping: 0.060700 ms MarkObjects: 1.666100 ms  DeleteObjects: 0.139000 ms)

========================================================================
Received Prepare
Registering precompiled user dll's ...
Registered in 0.000990 seconds.
Begin MonoManager ReloadAssembly
Native extension for WindowsStandalone target not found
Refreshing native plugins compatible for Editor in 0.37 ms, found 1 plugins.
Preloading 0 native plugins for Editor in 0.00 ms.
Invoked RoslynAnalysisRunner static constructor.
RoslynAnalysisRunner will not be running.
RoslynAnalysisRunner has terminated.
Mono: successfully reloaded assembly
- Completed reload, in  0.674 seconds
Platform modules already initialized, skipping
Refreshing native plugins compatible for Editor in 0.38 ms, found 1 plugins.
Preloading 0 native plugins for Editor in 0.00 ms.
Unloading 1819 Unused Serialized files (Serialized files now loaded: 0)
System memory in use before: 88.7 MB.
System memory in use after: 88.6 MB.

Unloading 12 unused Assets to reduce memory usage. Loaded Objects now: 2304.
Total: 1.935500 ms (FindLiveObjects: 0.246000 ms CreateObjectMapping: 0.077900 ms MarkObjects: 1.481000 ms  DeleteObjects: 0.129300 ms)

========================================================================
Received Import Request.
  Time since last request: 641.240554 seconds.
  path: Assets/Resources/Prefabs/Tower.prefab
  artifactKey: Guid(d38e49245e17e49d2b6b79bfa345f5eb) Importer(815301076,1909f56bfc062723c751e8b465ee728b)
Start importing Assets/Resources/Prefabs/Tower.prefab using Guid(d38e49245e17e49d2b6b79bfa345f5eb) Importer(815301076,1909f56bfc062723c751e8b465ee728b)  -> (artifact id: '307e6a889a982c36648ca0fcf204c70c') in 0.052275 seconds
  Import took 0.055024 seconds .

========================================================================
Received Import Request.
  Time since last request: 10.622244 seconds.
  path: Assets/Resources/Prefabs/Tower.prefab
  artifactKey: Guid(d38e49245e17e49d2b6b79bfa345f5eb) Importer(815301076,1909f56bfc062723c751e8b465ee728b)
Start importing Assets/Resources/Prefabs/Tower.prefab using Guid(d38e49245e17e49d2b6b79bfa345f5eb) Importer(815301076,1909f56bfc062723c751e8b465ee728b)  -> (artifact id: '9a22dab65426d08b164a398772d2abef') in 0.012335 seconds
  Import took 0.015744 seconds .

========================================================================
Received Import Request.
  Time since last request: 2.586007 seconds.
  path: Assets/Resources/Prefabs/Tower.prefab
  artifactKey: Guid(d38e49245e17e49d2b6b79bfa345f5eb) Importer(815301076,1909f56bfc062723c751e8b465ee728b)
Start importing Assets/Resources/Prefabs/Tower.prefab using Guid(d38e49245e17e49d2b6b79bfa345f5eb) Importer(815301076,1909f56bfc062723c751e8b465ee728b)  -> (artifact id: '28623b05b535565810cc60943c17ecec') in 0.010281 seconds
  Import took 0.013443 seconds .

========================================================================
Received Prepare
Registering precompiled user dll's ...
Registered in 0.000841 seconds.
Begin MonoManager ReloadAssembly
Native extension for WindowsStandalone target not found
Refreshing native plugins compatible for Editor in 0.38 ms, found 1 plugins.
Preloading 0 native plugins for Editor in 0.00 ms.
Invoked RoslynAnalysisRunner static constructor.
RoslynAnalysisRunner will not be running.
RoslynAnalysisRunner has terminated.
Mono: successfully reloaded assembly
- Completed reload, in  0.755 seconds
Platform modules already initialized, skipping
Refreshing native plugins compatible for Editor in 0.38 ms, found 1 plugins.
Preloading 0 native plugins for Editor in 0.00 ms.
Unloading 1819 Unused Serialized files (Serialized files now loaded: 0)
System memory in use before: 88.7 MB.
System memory in use after: 88.7 MB.

Unloading 12 unused Assets to reduce memory usage. Loaded Objects now: 2309.
Total: 1.928100 ms (FindLiveObjects: 0.274900 ms CreateObjectMapping: 0.098000 ms MarkObjects: 1.452400 ms  DeleteObjects: 0.100700 ms)

========================================================================
Received Import Request.
  Time since last request: 545.375657 seconds.
  path: Assets/Resources/Prefabs/Tower.prefab
  artifactKey: Guid(d38e49245e17e49d2b6b79bfa345f5eb) Importer(815301076,1909f56bfc062723c751e8b465ee728b)
Start importing Assets/Resources/Prefabs/Tower.prefab using Guid(d38e49245e17e49d2b6b79bfa345f5eb) Importer(815301076,1909f56bfc062723c751e8b465ee728b)  -> (artifact id: '90d3d7658ef640fc35838cec725f30e7') in 0.049277 seconds
  Import took 0.052089 seconds .

========================================================================
Received Prepare
Registering precompiled user dll's ...
Registered in 0.000781 seconds.
Begin MonoManager ReloadAssembly
Native extension for WindowsStandalone target not found
Refreshing native plugins compatible for Editor in 0.39 ms, found 1 plugins.
Preloading 0 native plugins for Editor in 0.00 ms.
Invoked RoslynAnalysisRunner static constructor.
RoslynAnalysisRunner will not be running.
RoslynAnalysisRunner has terminated.
Mono: successfully reloaded assembly
- Completed reload, in  0.727 seconds
Platform modules already initialized, skipping
Refreshing native plugins compatible for Editor in 0.39 ms, found 1 plugins.
Preloading 0 native plugins for Editor in 0.00 ms.
Unloading 1819 Unused Serialized files (Serialized files now loaded: 0)
System memory in use before: 88.7 MB.
System memory in use after: 88.7 MB.

Unloading 12 unused Assets to reduce memory usage. Loaded Objects now: 2314.
Total: 2.764600 ms (FindLiveObjects: 0.345200 ms CreateObjectMapping: 0.156000 ms MarkObjects: 2.108900 ms  DeleteObjects: 0.153400 ms)

========================================================================
Received Prepare
Registering precompiled user dll's ...
Registered in 0.001178 seconds.
Begin MonoManager ReloadAssembly
Native extension for WindowsStandalone target not found
Refreshing native plugins compatible for Editor in 0.38 ms, found 1 plugins.
Preloading 0 native plugins for Editor in 0.00 ms.
Invoked RoslynAnalysisRunner static constructor.
RoslynAnalysisRunner will not be running.
RoslynAnalysisRunner has terminated.
Mono: successfully reloaded assembly
- Completed reload, in  0.795 seconds
Platform modules already initialized, skipping
Refreshing native plugins compatible for Editor in 0.39 ms, found 1 plugins.
Preloading 0 native plugins for Editor in 0.00 ms.
Unloading 1819 Unused Serialized files (Serialized files now loaded: 0)
System memory in use before: 88.7 MB.
System memory in use after: 88.7 MB.

Unloading 12 unused Assets to reduce memory usage. Loaded Objects now: 2318.
Total: 1.995200 ms (FindLiveObjects: 0.299400 ms CreateObjectMapping: 0.092700 ms MarkObjects: 1.417000 ms  DeleteObjects: 0.185400 ms)

========================================================================
Received Import Request.
  Time since last request: 437.914335 seconds.
  path: Assets/Resources/Prefabs/Tower.prefab
  artifactKey: Guid(d38e49245e17e49d2b6b79bfa345f5eb) Importer(815301076,1909f56bfc062723c751e8b465ee728b)
Start importing Assets/Resources/Prefabs/Tower.prefab using Guid(d38e49245e17e49d2b6b79bfa345f5eb) Importer(815301076,1909f56bfc062723c751e8b465ee728b)  -> (artifact id: 'e6a6ba0afee281dfe919fcada9c3e38a') in 0.061417 seconds
  Import took 0.065238 seconds .

========================================================================
Received Import Request.
  Time since last request: 2.540612 seconds.
  path: Assets/Resources/Prefabs/Tower.prefab
  artifactKey: Guid(d38e49245e17e49d2b6b79bfa345f5eb) Importer(815301076,1909f56bfc062723c751e8b465ee728b)
Start importing Assets/Resources/Prefabs/Tower.prefab using Guid(d38e49245e17e49d2b6b79bfa345f5eb) Importer(815301076,1909f56bfc062723c751e8b465ee728b)  -> (artifact id: '9b9f4381b9fbe612027b52fe409bc407') in 0.013336 seconds
  Import took 0.016777 seconds .

========================================================================
Received Import Request.
  Time since last request: 60.239717 seconds.
  path: Assets/Resources/Prefabs/Tower.prefab
  artifactKey: Guid(d38e49245e17e49d2b6b79bfa345f5eb) Importer(815301076,1909f56bfc062723c751e8b465ee728b)
Start importing Assets/Resources/Prefabs/Tower.prefab using Guid(d38e49245e17e49d2b6b79bfa345f5eb) Importer(815301076,1909f56bfc062723c751e8b465ee728b)  -> (artifact id: '2931680a784efa884c669243770b2e3b') in 0.010436 seconds
  Import took 0.014019 seconds .

========================================================================
Received Prepare
Registering precompiled user dll's ...
Registered in 0.001857 seconds.
Begin MonoManager ReloadAssembly
Native extension for WindowsStandalone target not found
Refreshing native plugins compatible for Editor in 0.40 ms, found 1 plugins.
Preloading 0 native plugins for Editor in 0.00 ms.
Invoked RoslynAnalysisRunner static constructor.
RoslynAnalysisRunner will not be running.
RoslynAnalysisRunner has terminated.
Mono: successfully reloaded assembly
- Completed reload, in  0.704 seconds
Platform modules already initialized, skipping
Refreshing native plugins compatible for Editor in 0.38 ms, found 1 plugins.
Preloading 0 native plugins for Editor in 0.00 ms.
Unloading 1819 Unused Serialized files (Serialized files now loaded: 0)
System memory in use before: 88.7 MB.
System memory in use after: 88.7 MB.

Unloading 12 unused Assets to reduce memory usage. Loaded Objects now: 2323.
Total: 1.693400 ms (FindLiveObjects: 0.186500 ms CreateObjectMapping: 0.064100 ms MarkObjects: 1.315800 ms  DeleteObjects: 0.126100 ms)

========================================================================
Received Prepare
Registering precompiled user dll's ...
Registered in 0.002268 seconds.
Begin MonoManager ReloadAssembly
Native extension for WindowsStandalone target not found
Refreshing native plugins compatible for Editor in 0.46 ms, found 1 plugins.
Preloading 0 native plugins for Editor in 0.00 ms.
Invoked RoslynAnalysisRunner static constructor.
RoslynAnalysisRunner will not be running.
RoslynAnalysisRunner has terminated.
Mono: successfully reloaded assembly
- Completed reload, in  0.943 seconds
Platform modules already initialized, skipping
Refreshing native plugins compatible for Editor in 0.39 ms, found 1 plugins.
Preloading 0 native plugins for Editor in 0.00 ms.
Unloading 1819 Unused Serialized files (Serialized files now loaded: 0)
System memory in use before: 88.7 MB.
System memory in use after: 88.7 MB.

Unloading 12 unused Assets to reduce memory usage. Loaded Objects now: 2327.
Total: 1.843900 ms (FindLiveObjects: 0.230800 ms CreateObjectMapping: 0.085900 ms MarkObjects: 1.400600 ms  DeleteObjects: 0.125900 ms)

========================================================================
Received Import Request.
  Time since last request: 225.486234 seconds.
  path: Assets/Resources/Prefabs/Tower.prefab
  artifactKey: Guid(d38e49245e17e49d2b6b79bfa345f5eb) Importer(815301076,1909f56bfc062723c751e8b465ee728b)
Start importing Assets/Resources/Prefabs/Tower.prefab using Guid(d38e49245e17e49d2b6b79bfa345f5eb) Importer(815301076,1909f56bfc062723c751e8b465ee728b)  -> (artifact id: '864357987afa43d6839c2183bf338577') in 0.052585 seconds
  Import took 0.055239 seconds .

========================================================================
Received Import Request.
  Time since last request: 16.085126 seconds.
  path: Assets/Resources/Prefabs/Tower.prefab
  artifactKey: Guid(d38e49245e17e49d2b6b79bfa345f5eb) Importer(815301076,1909f56bfc062723c751e8b465ee728b)
Start importing Assets/Resources/Prefabs/Tower.prefab using Guid(d38e49245e17e49d2b6b79bfa345f5eb) Importer(815301076,1909f56bfc062723c751e8b465ee728b)  -> (artifact id: '6fea94a2a8f765fe48c9407ddb5ca579') in 0.012591 seconds
  Import took 0.015978 seconds .

========================================================================
Received Prepare
Registering precompiled user dll's ...
Registered in 0.000910 seconds.
Begin MonoManager ReloadAssembly
Native extension for WindowsStandalone target not found
Refreshing native plugins compatible for Editor in 0.39 ms, found 1 plugins.
Preloading 0 native plugins for Editor in 0.00 ms.
Invoked RoslynAnalysisRunner static constructor.
RoslynAnalysisRunner will not be running.
RoslynAnalysisRunner has terminated.
Mono: successfully reloaded assembly
- Completed reload, in  0.741 seconds
Platform modules already initialized, skipping
Refreshing native plugins compatible for Editor in 0.39 ms, found 1 plugins.
Preloading 0 native plugins for Editor in 0.00 ms.
Unloading 1819 Unused Serialized files (Serialized files now loaded: 0)
System memory in use before: 88.7 MB.
System memory in use after: 88.7 MB.

Unloading 12 unused Assets to reduce memory usage. Loaded Objects now: 2332.
Total: 1.785400 ms (FindLiveObjects: 0.236500 ms CreateObjectMapping: 0.068700 ms MarkObjects: 1.386800 ms  DeleteObjects: 0.092500 ms)

========================================================================
Received Import Request.
  Time since last request: 384.477285 seconds.
  path: Assets/Resources/Prefabs/Tower.prefab
  artifactKey: Guid(d38e49245e17e49d2b6b79bfa345f5eb) Importer(815301076,1909f56bfc062723c751e8b465ee728b)
Start importing Assets/Resources/Prefabs/Tower.prefab using Guid(d38e49245e17e49d2b6b79bfa345f5eb) Importer(815301076,1909f56bfc062723c751e8b465ee728b)  -> (artifact id: '12424a4f9dd2399c5bef1c121cf6f257') in 0.069041 seconds
  Import took 0.074212 seconds .

========================================================================
Received Import Request.
  Time since last request: 4.534397 seconds.
  path: Assets/Resources/Prefabs/Tower.prefab
  artifactKey: Guid(d38e49245e17e49d2b6b79bfa345f5eb) Importer(815301076,1909f56bfc062723c751e8b465ee728b)
Start importing Assets/Resources/Prefabs/Tower.prefab using Guid(d38e49245e17e49d2b6b79bfa345f5eb) Importer(815301076,1909f56bfc062723c751e8b465ee728b)  -> (artifact id: '6adfab48acf6384cae0f7a0d3d57cce4') in 0.013449 seconds
  Import took 0.016732 seconds .

========================================================================
Received Import Request.
  Time since last request: 9.800309 seconds.
  path: Assets/Resources/Prefabs/Tower.prefab
  artifactKey: Guid(d38e49245e17e49d2b6b79bfa345f5eb) Importer(815301076,1909f56bfc062723c751e8b465ee728b)
Start importing Assets/Resources/Prefabs/Tower.prefab using Guid(d38e49245e17e49d2b6b79bfa345f5eb) Importer(815301076,1909f56bfc062723c751e8b465ee728b)  -> (artifact id: '4a07180965eabed7d6753d415cd45934') in 0.012793 seconds
  Import took 0.016773 seconds .

========================================================================
Received Import Request.
  Time since last request: 3.207020 seconds.
  path: Assets/Resources/Prefabs/Tower.prefab
  artifactKey: Guid(d38e49245e17e49d2b6b79bfa345f5eb) Importer(815301076,1909f56bfc062723c751e8b465ee728b)
Start importing Assets/Resources/Prefabs/Tower.prefab using Guid(d38e49245e17e49d2b6b79bfa345f5eb) Importer(815301076,1909f56bfc062723c751e8b465ee728b)  -> (artifact id: '0cbb6170ce8f2c6d515ef4e0742c816e') in 0.018991 seconds
  Import took 0.021935 seconds .

========================================================================
Received Import Request.
  Time since last request: 7.653461 seconds.
  path: Assets/Resources/Prefabs/Tower.prefab
  artifactKey: Guid(d38e49245e17e49d2b6b79bfa345f5eb) Importer(815301076,1909f56bfc062723c751e8b465ee728b)
Start importing Assets/Resources/Prefabs/Tower.prefab using Guid(d38e49245e17e49d2b6b79bfa345f5eb) Importer(815301076,1909f56bfc062723c751e8b465ee728b)  -> (artifact id: '6754a9b81d9707038988f8110981406a') in 0.015772 seconds
  Import took 0.019856 seconds .

========================================================================
Received Import Request.
  Time since last request: 3.822747 seconds.
  path: Assets/Resources/Prefabs/Tower.prefab
  artifactKey: Guid(d38e49245e17e49d2b6b79bfa345f5eb) Importer(815301076,1909f56bfc062723c751e8b465ee728b)
Start importing Assets/Resources/Prefabs/Tower.prefab using Guid(d38e49245e17e49d2b6b79bfa345f5eb) Importer(815301076,1909f56bfc062723c751e8b465ee728b)  -> (artifact id: 'ef68a1e80f1f419c6253e34fe157dc07') in 0.012402 seconds
  Import took 0.017889 seconds .

========================================================================
Received Import Request.
  Time since last request: 7.657184 seconds.
  path: Assets/Resources/Prefabs/Tower.prefab
  artifactKey: Guid(d38e49245e17e49d2b6b79bfa345f5eb) Importer(815301076,1909f56bfc062723c751e8b465ee728b)
Start importing Assets/Resources/Prefabs/Tower.prefab using Guid(d38e49245e17e49d2b6b79bfa345f5eb) Importer(815301076,1909f56bfc062723c751e8b465ee728b)  -> (artifact id: '72bf75f01e5414215b80ed7fe0652a52') in 0.013857 seconds
  Import took 0.019093 seconds .

========================================================================
Received Import Request.
  Time since last request: 3.010532 seconds.
  path: Assets/Resources/Prefabs/Tower.prefab
  artifactKey: Guid(d38e49245e17e49d2b6b79bfa345f5eb) Importer(815301076,1909f56bfc062723c751e8b465ee728b)
Start importing Assets/Resources/Prefabs/Tower.prefab using Guid(d38e49245e17e49d2b6b79bfa345f5eb) Importer(815301076,1909f56bfc062723c751e8b465ee728b)  -> (artifact id: '2d57f3bb9461359073f9a6510b87157d') in 0.014321 seconds
  Import took 0.018891 seconds .

========================================================================
Received Import Request.
  Time since last request: 2.184828 seconds.
  path: Assets/Resources/Prefabs/Tower.prefab
  artifactKey: Guid(d38e49245e17e49d2b6b79bfa345f5eb) Importer(815301076,1909f56bfc062723c751e8b465ee728b)
Start importing Assets/Resources/Prefabs/Tower.prefab using Guid(d38e49245e17e49d2b6b79bfa345f5eb) Importer(815301076,1909f56bfc062723c751e8b465ee728b)  -> (artifact id: '865534bd24da2970753c3d0cfdd8708c') in 0.011900 seconds
  Import took 0.016335 seconds .

========================================================================
Received Prepare
Registering precompiled user dll's ...
Registered in 0.000790 seconds.
Begin MonoManager ReloadAssembly
Native extension for WindowsStandalone target not found
Refreshing native plugins compatible for Editor in 0.40 ms, found 1 plugins.
Preloading 0 native plugins for Editor in 0.00 ms.
Invoked RoslynAnalysisRunner static constructor.
RoslynAnalysisRunner will not be running.
RoslynAnalysisRunner has terminated.
Mono: successfully reloaded assembly
- Completed reload, in  0.845 seconds
Platform modules already initialized, skipping
Refreshing native plugins compatible for Editor in 0.39 ms, found 1 plugins.
Preloading 0 native plugins for Editor in 0.00 ms.
Unloading 1820 Unused Serialized files (Serialized files now loaded: 0)
System memory in use before: 88.8 MB.
System memory in use after: 88.8 MB.

Unloading 12 unused Assets to reduce memory usage. Loaded Objects now: 2338.
Total: 2.046000 ms (FindLiveObjects: 0.290400 ms CreateObjectMapping: 0.094300 ms MarkObjects: 1.571900 ms  DeleteObjects: 0.088600 ms)

========================================================================
Received Import Request.
  Time since last request: 39.695828 seconds.
  path: Assets/Resources/Prefabs/Tower.prefab
  artifactKey: Guid(d38e49245e17e49d2b6b79bfa345f5eb) Importer(815301076,1909f56bfc062723c751e8b465ee728b)
Start importing Assets/Resources/Prefabs/Tower.prefab using Guid(d38e49245e17e49d2b6b79bfa345f5eb) Importer(815301076,1909f56bfc062723c751e8b465ee728b)  -> (artifact id: '028af42159511be16ecb998656873c17') in 0.044523 seconds
  Import took 0.047456 seconds .

========================================================================
Received Prepare
Registering precompiled user dll's ...
Registered in 0.000837 seconds.
Begin MonoManager ReloadAssembly
Native extension for WindowsStandalone target not found
Refreshing native plugins compatible for Editor in 0.98 ms, found 1 plugins.
Preloading 0 native plugins for Editor in 0.00 ms.
Invoked RoslynAnalysisRunner static constructor.
RoslynAnalysisRunner will not be running.
RoslynAnalysisRunner has terminated.
Mono: successfully reloaded assembly
- Completed reload, in  0.938 seconds
Platform modules already initialized, skipping
Refreshing native plugins compatible for Editor in 0.45 ms, found 1 plugins.
Preloading 0 native plugins for Editor in 0.00 ms.
Unloading 1820 Unused Serialized files (Serialized files now loaded: 0)
System memory in use before: 88.8 MB.
System memory in use after: 88.8 MB.

Unloading 12 unused Assets to reduce memory usage. Loaded Objects now: 2343.
Total: 1.756400 ms (FindLiveObjects: 0.176800 ms CreateObjectMapping: 0.064200 ms MarkObjects: 1.419700 ms  DeleteObjects: 0.094800 ms)

========================================================================
Received Import Request.
  Time since last request: 137.217821 seconds.
  path: Assets/Resources/Prefabs/Tower.prefab
  artifactKey: Guid(d38e49245e17e49d2b6b79bfa345f5eb) Importer(815301076,1909f56bfc062723c751e8b465ee728b)
Start importing Assets/Resources/Prefabs/Tower.prefab using Guid(d38e49245e17e49d2b6b79bfa345f5eb) Importer(815301076,1909f56bfc062723c751e8b465ee728b)  -> (artifact id: 'dcea1895956135b61f897cf1aed3500f') in 0.069050 seconds
  Import took 0.072259 seconds .

========================================================================
Received Import Request.
  Time since last request: 5.087841 seconds.
  path: Assets/Resources/Prefabs/Tower.prefab
  artifactKey: Guid(d38e49245e17e49d2b6b79bfa345f5eb) Importer(815301076,1909f56bfc062723c751e8b465ee728b)
Start importing Assets/Resources/Prefabs/Tower.prefab using Guid(d38e49245e17e49d2b6b79bfa345f5eb) Importer(815301076,1909f56bfc062723c751e8b465ee728b)  -> (artifact id: 'd1c7036d940a04f89c76deebfa58e49f') in 0.015001 seconds
  Import took 0.018813 seconds .

========================================================================
Received Import Request.
  Time since last request: 8.867949 seconds.
  path: Assets/Resources/Prefabs/Tower.prefab
  artifactKey: Guid(d38e49245e17e49d2b6b79bfa345f5eb) Importer(815301076,1909f56bfc062723c751e8b465ee728b)
Start importing Assets/Resources/Prefabs/Tower.prefab using Guid(d38e49245e17e49d2b6b79bfa345f5eb) Importer(815301076,1909f56bfc062723c751e8b465ee728b)  -> (artifact id: '9428027e5a4ebedc13b91b9e79727e4b') in 0.010510 seconds
  Import took 0.015168 seconds .

========================================================================
Received Prepare
Registering precompiled user dll's ...
Registered in 0.000887 seconds.
Begin MonoManager ReloadAssembly
Native extension for WindowsStandalone target not found
Refreshing native plugins compatible for Editor in 0.66 ms, found 1 plugins.
Preloading 0 native plugins for Editor in 0.00 ms.
Invoked RoslynAnalysisRunner static constructor.
RoslynAnalysisRunner will not be running.
RoslynAnalysisRunner has terminated.
Mono: successfully reloaded assembly
- Completed reload, in  0.732 seconds
Platform modules already initialized, skipping
Refreshing native plugins compatible for Editor in 0.39 ms, found 1 plugins.
Preloading 0 native plugins for Editor in 0.00 ms.
Unloading 1820 Unused Serialized files (Serialized files now loaded: 0)
System memory in use before: 88.8 MB.
System memory in use after: 88.8 MB.

Unloading 12 unused Assets to reduce memory usage. Loaded Objects now: 2348.
Total: 1.894100 ms (FindLiveObjects: 0.174900 ms CreateObjectMapping: 0.064000 ms MarkObjects: 1.558600 ms  DeleteObjects: 0.095800 ms)

========================================================================
Received Import Request.
  Time since last request: 29.669958 seconds.
  path: Assets/Resources/Prefabs/Tower.prefab
  artifactKey: Guid(d38e49245e17e49d2b6b79bfa345f5eb) Importer(815301076,1909f56bfc062723c751e8b465ee728b)
Start importing Assets/Resources/Prefabs/Tower.prefab using Guid(d38e49245e17e49d2b6b79bfa345f5eb) Importer(815301076,1909f56bfc062723c751e8b465ee728b)  -> (artifact id: 'aaca317575d16cfec4daad1228ca4e32') in 0.046331 seconds
  Import took 0.049087 seconds .

========================================================================
Received Prepare
Registering precompiled user dll's ...
Registered in 0.003065 seconds.
Begin MonoManager ReloadAssembly
Native extension for WindowsStandalone target not found
Refreshing native plugins compatible for Editor in 0.42 ms, found 1 plugins.
Preloading 0 native plugins for Editor in 0.00 ms.
Invoked RoslynAnalysisRunner static constructor.
RoslynAnalysisRunner will not be running.
RoslynAnalysisRunner has terminated.
Mono: successfully reloaded assembly
- Completed reload, in  0.713 seconds
Platform modules already initialized, skipping
Refreshing native plugins compatible for Editor in 0.99 ms, found 1 plugins.
Preloading 0 native plugins for Editor in 0.00 ms.
Unloading 1820 Unused Serialized files (Serialized files now loaded: 0)
System memory in use before: 88.8 MB.
System memory in use after: 88.8 MB.

Unloading 12 unused Assets to reduce memory usage. Loaded Objects now: 2353.
Total: 1.929700 ms (FindLiveObjects: 0.240600 ms CreateObjectMapping: 0.074000 ms MarkObjects: 1.519700 ms  DeleteObjects: 0.094500 ms)

========================================================================
Received Import Request.
  Time since last request: 177.434122 seconds.
  path: Assets/Resources/Prefabs/Arrow.prefab
  artifactKey: Guid(c2dec3541dac97744b8bf96616080b67) Importer(815301076,1909f56bfc062723c751e8b465ee728b)
Start importing Assets/Resources/Prefabs/Arrow.prefab using Guid(c2dec3541dac97744b8bf96616080b67) Importer(815301076,1909f56bfc062723c751e8b465ee728b)  -> (artifact id: '399cf70f31d708b3498a3cdc8176dd0f') in 0.059556 seconds
  Import took 0.063039 seconds .

========================================================================
Received Import Request.
  Time since last request: 0.000201 seconds.
  path: Assets/Resources/Prefabs/Tower.prefab
  artifactKey: Guid(d38e49245e17e49d2b6b79bfa345f5eb) Importer(815301076,1909f56bfc062723c751e8b465ee728b)
Start importing Assets/Resources/Prefabs/Tower.prefab using Guid(d38e49245e17e49d2b6b79bfa345f5eb) Importer(815301076,1909f56bfc062723c751e8b465ee728b)  -> (artifact id: '38939a827e1e26ac43ae849af88fbcac') in 0.013650 seconds
  Import took 0.019086 seconds .

========================================================================
Received Import Request.
  Time since last request: 27.368479 seconds.
  path: Assets/Resources/Prefabs/Tower.prefab
  artifactKey: Guid(d38e49245e17e49d2b6b79bfa345f5eb) Importer(815301076,1909f56bfc062723c751e8b465ee728b)
Start importing Assets/Resources/Prefabs/Tower.prefab using Guid(d38e49245e17e49d2b6b79bfa345f5eb) Importer(815301076,1909f56bfc062723c751e8b465ee728b)  -> (artifact id: '1a4062967b8d3687946a9b2095ae8d6e') in 0.011130 seconds
  Import took 0.015502 seconds .

========================================================================
Received Import Request.
  Time since last request: 24.187214 seconds.
  path: Assets/Resources/Prefabs/Tower.prefab
  artifactKey: Guid(d38e49245e17e49d2b6b79bfa345f5eb) Importer(815301076,1909f56bfc062723c751e8b465ee728b)
Start importing Assets/Resources/Prefabs/Tower.prefab using Guid(d38e49245e17e49d2b6b79bfa345f5eb) Importer(815301076,1909f56bfc062723c751e8b465ee728b)  -> (artifact id: 'fe4e248a2c7f2535dfa0cfc54502484a') in 0.013936 seconds
  Import took 0.019921 seconds .

========================================================================
Received Import Request.
  Time since last request: 4.208631 seconds.
  path: Assets/Resources/Prefabs/Tower.prefab
  artifactKey: Guid(d38e49245e17e49d2b6b79bfa345f5eb) Importer(815301076,1909f56bfc062723c751e8b465ee728b)
Start importing Assets/Resources/Prefabs/Tower.prefab using Guid(d38e49245e17e49d2b6b79bfa345f5eb) Importer(815301076,1909f56bfc062723c751e8b465ee728b)  -> (artifact id: 'd07163efdf6a517f8f0938b590d733da') in 0.013138 seconds
  Import took 0.016969 seconds .

========================================================================
Received Import Request.
  Time since last request: 1.580803 seconds.
  path: Assets/Resources/Prefabs/Tower.prefab
  artifactKey: Guid(d38e49245e17e49d2b6b79bfa345f5eb) Importer(815301076,1909f56bfc062723c751e8b465ee728b)
Start importing Assets/Resources/Prefabs/Tower.prefab using Guid(d38e49245e17e49d2b6b79bfa345f5eb) Importer(815301076,1909f56bfc062723c751e8b465ee728b)  -> (artifact id: '13094d44a266f8c41ee85db74aedf87a') in 0.013701 seconds
  Import took 0.017539 seconds .

========================================================================
Received Import Request.
  Time since last request: 2.604355 seconds.
  path: Assets/Resources/Prefabs/Tower.prefab
  artifactKey: Guid(d38e49245e17e49d2b6b79bfa345f5eb) Importer(815301076,1909f56bfc062723c751e8b465ee728b)
Start importing Assets/Resources/Prefabs/Tower.prefab using Guid(d38e49245e17e49d2b6b79bfa345f5eb) Importer(815301076,1909f56bfc062723c751e8b465ee728b)  -> (artifact id: '1141f39f87d96e0815eb331260c01ff2') in 0.015589 seconds
  Import took 0.019869 seconds .

========================================================================
Received Import Request.
  Time since last request: 51.911409 seconds.
  path: Assets/Resources/Prefabs/Tower.prefab
  artifactKey: Guid(d38e49245e17e49d2b6b79bfa345f5eb) Importer(815301076,1909f56bfc062723c751e8b465ee728b)
Start importing Assets/Resources/Prefabs/Tower.prefab using Guid(d38e49245e17e49d2b6b79bfa345f5eb) Importer(815301076,1909f56bfc062723c751e8b465ee728b)  -> (artifact id: '56d59e530f2502937aee53f4e30b554e') in 0.010768 seconds
  Import took 0.014099 seconds .

========================================================================
Received Import Request.
  Time since last request: 2.116312 seconds.
  path: Assets/Resources/Prefabs/Tower.prefab
  artifactKey: Guid(d38e49245e17e49d2b6b79bfa345f5eb) Importer(815301076,1909f56bfc062723c751e8b465ee728b)
Start importing Assets/Resources/Prefabs/Tower.prefab using Guid(d38e49245e17e49d2b6b79bfa345f5eb) Importer(815301076,1909f56bfc062723c751e8b465ee728b)  -> (artifact id: '58bb20a622370fa1a7b09262f6cc1abc') in 0.012213 seconds
  Import took 0.016884 seconds .

========================================================================
Received Import Request.
  Time since last request: 7.297564 seconds.
  path: Assets/Resources/Prefabs/Tower.prefab
  artifactKey: Guid(d38e49245e17e49d2b6b79bfa345f5eb) Importer(815301076,1909f56bfc062723c751e8b465ee728b)
Start importing Assets/Resources/Prefabs/Tower.prefab using Guid(d38e49245e17e49d2b6b79bfa345f5eb) Importer(815301076,1909f56bfc062723c751e8b465ee728b)  -> (artifact id: '8ec6f8df1e379192ec70792439eae4af') in 0.029498 seconds
  Import took 0.032866 seconds .

========================================================================
Received Prepare
Registering precompiled user dll's ...
Registered in 0.001673 seconds.
Begin MonoManager ReloadAssembly
Native extension for WindowsStandalone target not found
Refreshing native plugins compatible for Editor in 0.37 ms, found 1 plugins.
Preloading 0 native plugins for Editor in 0.00 ms.
Invoked RoslynAnalysisRunner static constructor.
RoslynAnalysisRunner will not be running.
RoslynAnalysisRunner has terminated.
Mono: successfully reloaded assembly
- Completed reload, in  0.847 seconds
Platform modules already initialized, skipping
Refreshing native plugins compatible for Editor in 0.38 ms, found 1 plugins.
Preloading 0 native plugins for Editor in 0.00 ms.
Unloading 1820 Unused Serialized files (Serialized files now loaded: 0)
System memory in use before: 88.8 MB.
System memory in use after: 88.8 MB.

Unloading 12 unused Assets to reduce memory usage. Loaded Objects now: 2358.
Total: 2.861100 ms (FindLiveObjects: 0.402400 ms CreateObjectMapping: 0.167700 ms MarkObjects: 2.181500 ms  DeleteObjects: 0.108100 ms)

========================================================================
Received Import Request.
  Time since last request: 67.896530 seconds.
  path: Assets/Resources/Prefabs/Arrow.prefab
  artifactKey: Guid(c2dec3541dac97744b8bf96616080b67) Importer(815301076,1909f56bfc062723c751e8b465ee728b)
Start importing Assets/Resources/Prefabs/Arrow.prefab using Guid(c2dec3541dac97744b8bf96616080b67) Importer(815301076,1909f56bfc062723c751e8b465ee728b)  -> (artifact id: '1f5fb1486fe8c4c108f9afe3d34555fe') in 0.068172 seconds
  Import took 0.074484 seconds .

========================================================================
Received Prepare
Registering precompiled user dll's ...
Registered in 0.000799 seconds.
Begin MonoManager ReloadAssembly
Native extension for WindowsStandalone target not found
Refreshing native plugins compatible for Editor in 0.48 ms, found 1 plugins.
Preloading 0 native plugins for Editor in 0.00 ms.
Invoked RoslynAnalysisRunner static constructor.
RoslynAnalysisRunner will not be running.
RoslynAnalysisRunner has terminated.
Mono: successfully reloaded assembly
- Completed reload, in  0.772 seconds
Platform modules already initialized, skipping
Refreshing native plugins compatible for Editor in 0.40 ms, found 1 plugins.
Preloading 0 native plugins for Editor in 0.00 ms.
Unloading 1820 Unused Serialized files (Serialized files now loaded: 0)
System memory in use before: 88.9 MB.
System memory in use after: 88.8 MB.

Unloading 12 unused Assets to reduce memory usage. Loaded Objects now: 2363.
Total: 2.037500 ms (FindLiveObjects: 0.236000 ms CreateObjectMapping: 0.080800 ms MarkObjects: 1.625500 ms  DeleteObjects: 0.094500 ms)

========================================================================
Received Import Request.
  Time since last request: 116.711776 seconds.
  path: Assets/Resources/Prefabs/Arrow.prefab
  artifactKey: Guid(c2dec3541dac97744b8bf96616080b67) Importer(815301076,1909f56bfc062723c751e8b465ee728b)
Start importing Assets/Resources/Prefabs/Arrow.prefab using Guid(c2dec3541dac97744b8bf96616080b67) Importer(815301076,1909f56bfc062723c751e8b465ee728b)  -> (artifact id: 'a18d3c079d987e852ee65559e8f6c1a5') in 0.056650 seconds
  Import took 0.061281 seconds .

========================================================================
Received Prepare
Registering precompiled user dll's ...
Registered in 0.000888 seconds.
Begin MonoManager ReloadAssembly
Native extension for WindowsStandalone target not found
Refreshing native plugins compatible for Editor in 0.43 ms, found 1 plugins.
Preloading 0 native plugins for Editor in 0.00 ms.
Invoked RoslynAnalysisRunner static constructor.
RoslynAnalysisRunner will not be running.
RoslynAnalysisRunner has terminated.
Mono: successfully reloaded assembly
- Completed reload, in  0.784 seconds
Platform modules already initialized, skipping
Refreshing native plugins compatible for Editor in 0.39 ms, found 1 plugins.
Preloading 0 native plugins for Editor in 0.00 ms.
Unloading 1820 Unused Serialized files (Serialized files now loaded: 0)
System memory in use before: 88.9 MB.
System memory in use after: 88.9 MB.

Unloading 12 unused Assets to reduce memory usage. Loaded Objects now: 2368.
Total: 3.323800 ms (FindLiveObjects: 0.309700 ms CreateObjectMapping: 0.127200 ms MarkObjects: 2.756100 ms  DeleteObjects: 0.129400 ms)

========================================================================
Received Import Request.
  Time since last request: 20.946458 seconds.
  path: Assets/Resources/Prefabs/Arrow.prefab
  artifactKey: Guid(c2dec3541dac97744b8bf96616080b67) Importer(815301076,1909f56bfc062723c751e8b465ee728b)
Start importing Assets/Resources/Prefabs/Arrow.prefab using Guid(c2dec3541dac97744b8bf96616080b67) Importer(815301076,1909f56bfc062723c751e8b465ee728b)  -> (artifact id: 'ac0f4618abf4e9e01754be246e18860e') in 0.048974 seconds
  Import took 0.052200 seconds .

========================================================================
Received Prepare
Registering precompiled user dll's ...
Registered in 0.002460 seconds.
Begin MonoManager ReloadAssembly
Native extension for WindowsStandalone target not found
Refreshing native plugins compatible for Editor in 0.63 ms, found 1 plugins.
Preloading 0 native plugins for Editor in 0.00 ms.
Invoked RoslynAnalysisRunner static constructor.
RoslynAnalysisRunner will not be running.
RoslynAnalysisRunner has terminated.
Mono: successfully reloaded assembly
- Completed reload, in  0.822 seconds
Platform modules already initialized, skipping
Refreshing native plugins compatible for Editor in 0.45 ms, found 1 plugins.
Preloading 0 native plugins for Editor in 0.00 ms.
Unloading 1820 Unused Serialized files (Serialized files now loaded: 0)
System memory in use before: 88.9 MB.
System memory in use after: 88.9 MB.

Unloading 12 unused Assets to reduce memory usage. Loaded Objects now: 2373.
Total: 2.783700 ms (FindLiveObjects: 0.304500 ms CreateObjectMapping: 0.132800 ms MarkObjects: 2.182500 ms  DeleteObjects: 0.162600 ms)

========================================================================
Received Import Request.
  Time since last request: 16.761223 seconds.
  path: Assets/Resources/Prefabs/Arrow.prefab
  artifactKey: Guid(c2dec3541dac97744b8bf96616080b67) Importer(815301076,1909f56bfc062723c751e8b465ee728b)
Start importing Assets/Resources/Prefabs/Arrow.prefab using Guid(c2dec3541dac97744b8bf96616080b67) Importer(815301076,1909f56bfc062723c751e8b465ee728b)  -> (artifact id: 'd0d14497db08cb8f80baa768cae0064e') in 0.092626 seconds
  Import took 0.098177 seconds .

========================================================================
Received Prepare
Registering precompiled user dll's ...
Registered in 0.002218 seconds.
Begin MonoManager ReloadAssembly
Native extension for WindowsStandalone target not found
Refreshing native plugins compatible for Editor in 0.53 ms, found 1 plugins.
Preloading 0 native plugins for Editor in 0.00 ms.
Invoked RoslynAnalysisRunner static constructor.
RoslynAnalysisRunner will not be running.
RoslynAnalysisRunner has terminated.
Mono: successfully reloaded assembly
- Completed reload, in  0.772 seconds
Platform modules already initialized, skipping
Refreshing native plugins compatible for Editor in 0.39 ms, found 1 plugins.
Preloading 0 native plugins for Editor in 0.00 ms.
Unloading 1820 Unused Serialized files (Serialized files now loaded: 0)
System memory in use before: 88.9 MB.
System memory in use after: 88.9 MB.

Unloading 12 unused Assets to reduce memory usage. Loaded Objects now: 2378.
Total: 1.954300 ms (FindLiveObjects: 0.167600 ms CreateObjectMapping: 0.061300 ms MarkObjects: 1.633600 ms  DeleteObjects: 0.091200 ms)

========================================================================
Received Prepare
Registering precompiled user dll's ...
Registered in 0.001193 seconds.
Begin MonoManager ReloadAssembly
Native extension for WindowsStandalone target not found
Refreshing native plugins compatible for Editor in 2.31 ms, found 1 plugins.
Preloading 0 native plugins for Editor in 0.00 ms.
Invoked RoslynAnalysisRunner static constructor.
RoslynAnalysisRunner will not be running.
RoslynAnalysisRunner has terminated.
Mono: successfully reloaded assembly
- Completed reload, in  1.328 seconds
Platform modules already initialized, skipping
Refreshing native plugins compatible for Editor in 0.51 ms, found 1 plugins.
Preloading 0 native plugins for Editor in 0.00 ms.
Unloading 1820 Unused Serialized files (Serialized files now loaded: 0)
System memory in use before: 88.9 MB.
System memory in use after: 88.9 MB.

Unloading 12 unused Assets to reduce memory usage. Loaded Objects now: 2382.
Total: 7.096200 ms (FindLiveObjects: 1.256700 ms CreateObjectMapping: 0.561200 ms MarkObjects: 5.008000 ms  DeleteObjects: 0.266000 ms)

========================================================================
Received Import Request.
  Time since last request: 39.682432 seconds.
  path: Assets/Resources/Prefabs/Arrow.prefab
  artifactKey: Guid(c2dec3541dac97744b8bf96616080b67) Importer(815301076,1909f56bfc062723c751e8b465ee728b)
Start importing Assets/Resources/Prefabs/Arrow.prefab using Guid(c2dec3541dac97744b8bf96616080b67) Importer(815301076,1909f56bfc062723c751e8b465ee728b)  -> (artifact id: '3711cf22a59694976be1969ed592f855') in 0.048361 seconds
  Import took 0.053900 seconds .

========================================================================
Received Prepare
Registering precompiled user dll's ...
Registered in 0.001162 seconds.
Begin MonoManager ReloadAssembly
Native extension for WindowsStandalone target not found
Refreshing native plugins compatible for Editor in 0.47 ms, found 1 plugins.
Preloading 0 native plugins for Editor in 0.00 ms.
Invoked RoslynAnalysisRunner static constructor.
RoslynAnalysisRunner will not be running.
RoslynAnalysisRunner has terminated.
Mono: successfully reloaded assembly
- Completed reload, in  0.845 seconds
Platform modules already initialized, skipping
Refreshing native plugins compatible for Editor in 0.63 ms, found 1 plugins.
Preloading 0 native plugins for Editor in 0.00 ms.
Unloading 1820 Unused Serialized files (Serialized files now loaded: 0)
System memory in use before: 88.9 MB.
System memory in use after: 88.9 MB.

Unloading 12 unused Assets to reduce memory usage. Loaded Objects now: 2387.
Total: 1.742600 ms (FindLiveObjects: 0.192700 ms CreateObjectMapping: 0.062400 ms MarkObjects: 1.396900 ms  DeleteObjects: 0.089700 ms)

========================================================================
Received Prepare
Registering precompiled user dll's ...
Registered in 0.001389 seconds.
Begin MonoManager ReloadAssembly
Native extension for WindowsStandalone target not found
Refreshing native plugins compatible for Editor in 0.38 ms, found 1 plugins.
Preloading 0 native plugins for Editor in 0.00 ms.
Invoked RoslynAnalysisRunner static constructor.
RoslynAnalysisRunner will not be running.
RoslynAnalysisRunner has terminated.
Mono: successfully reloaded assembly
- Completed reload, in  0.698 seconds
Platform modules already initialized, skipping
Refreshing native plugins compatible for Editor in 0.50 ms, found 1 plugins.
Preloading 0 native plugins for Editor in 0.00 ms.
Unloading 1820 Unused Serialized files (Serialized files now loaded: 0)
System memory in use before: 88.9 MB.
System memory in use after: 88.9 MB.

Unloading 12 unused Assets to reduce memory usage. Loaded Objects now: 2391.
Total: 2.534900 ms (FindLiveObjects: 0.298400 ms CreateObjectMapping: 0.138500 ms MarkObjects: 1.995800 ms  DeleteObjects: 0.100700 ms)

========================================================================
Received Import Request.
  Time since last request: 208.950668 seconds.
  path: Assets/Resources/Prefabs/Arrow.prefab
  artifactKey: Guid(c2dec3541dac97744b8bf96616080b67) Importer(815301076,1909f56bfc062723c751e8b465ee728b)
Start importing Assets/Resources/Prefabs/Arrow.prefab using Guid(c2dec3541dac97744b8bf96616080b67) Importer(815301076,1909f56bfc062723c751e8b465ee728b)  -> (artifact id: 'ec067279a48f116d9ad80f8bb82f7bf0') in 0.043286 seconds
  Import took 0.046439 seconds .

========================================================================
Received Prepare
Registering precompiled user dll's ...
Registered in 0.004045 seconds.
Begin MonoManager ReloadAssembly
Native extension for WindowsStandalone target not found
Refreshing native plugins compatible for Editor in 0.63 ms, found 1 plugins.
Preloading 0 native plugins for Editor in 0.00 ms.
Invoked RoslynAnalysisRunner static constructor.
RoslynAnalysisRunner will not be running.
RoslynAnalysisRunner has terminated.
Mono: successfully reloaded assembly
- Completed reload, in  0.770 seconds
Platform modules already initialized, skipping
Refreshing native plugins compatible for Editor in 0.54 ms, found 1 plugins.
Preloading 0 native plugins for Editor in 0.00 ms.
Unloading 1820 Unused Serialized files (Serialized files now loaded: 0)
System memory in use before: 88.9 MB.
System memory in use after: 88.9 MB.

Unloading 12 unused Assets to reduce memory usage. Loaded Objects now: 2396.
Total: 1.969500 ms (FindLiveObjects: 0.216700 ms CreateObjectMapping: 0.065700 ms MarkObjects: 1.592100 ms  DeleteObjects: 0.094100 ms)

========================================================================
Received Import Request.
  Time since last request: 44.037834 seconds.
  path: Assets/Resources/Prefabs/Arrow.prefab
  artifactKey: Guid(c2dec3541dac97744b8bf96616080b67) Importer(815301076,1909f56bfc062723c751e8b465ee728b)
Start importing Assets/Resources/Prefabs/Arrow.prefab using Guid(c2dec3541dac97744b8bf96616080b67) Importer(815301076,1909f56bfc062723c751e8b465ee728b)  -> (artifact id: '43db7819b35fd026127118c50f03cb24') in 0.062495 seconds
  Import took 0.067434 seconds .

========================================================================
Received Prepare
Registering precompiled user dll's ...
Registered in 0.000807 seconds.
Begin MonoManager ReloadAssembly
Native extension for WindowsStandalone target not found
Refreshing native plugins compatible for Editor in 0.76 ms, found 1 plugins.
Preloading 0 native plugins for Editor in 0.00 ms.
Invoked RoslynAnalysisRunner static constructor.
RoslynAnalysisRunner will not be running.
RoslynAnalysisRunner has terminated.
Mono: successfully reloaded assembly
- Completed reload, in  0.932 seconds
Platform modules already initialized, skipping
Refreshing native plugins compatible for Editor in 0.43 ms, found 1 plugins.
Preloading 0 native plugins for Editor in 0.00 ms.
Unloading 1820 Unused Serialized files (Serialized files now loaded: 0)
System memory in use before: 88.9 MB.
System memory in use after: 88.9 MB.

Unloading 12 unused Assets to reduce memory usage. Loaded Objects now: 2401.
Total: 1.871300 ms (FindLiveObjects: 0.217500 ms CreateObjectMapping: 0.061500 ms MarkObjects: 1.451900 ms  DeleteObjects: 0.139800 ms)

========================================================================
Received Prepare
Registering precompiled user dll's ...
Registered in 0.000892 seconds.
Begin MonoManager ReloadAssembly
Native extension for WindowsStandalone target not found
Refreshing native plugins compatible for Editor in 0.38 ms, found 1 plugins.
Preloading 0 native plugins for Editor in 0.00 ms.
Invoked RoslynAnalysisRunner static constructor.
RoslynAnalysisRunner will not be running.
RoslynAnalysisRunner has terminated.
Mono: successfully reloaded assembly
- Completed reload, in  0.750 seconds
Platform modules already initialized, skipping
Refreshing native plugins compatible for Editor in 0.37 ms, found 1 plugins.
Preloading 0 native plugins for Editor in 0.00 ms.
Unloading 1820 Unused Serialized files (Serialized files now loaded: 0)
System memory in use before: 88.9 MB.
System memory in use after: 88.9 MB.

Unloading 12 unused Assets to reduce memory usage. Loaded Objects now: 2405.
Total: 1.752700 ms (FindLiveObjects: 0.219900 ms CreateObjectMapping: 0.061500 ms MarkObjects: 1.331900 ms  DeleteObjects: 0.138300 ms)

========================================================================
Received Prepare
Registering precompiled user dll's ...
Registered in 0.000812 seconds.
Begin MonoManager ReloadAssembly
Native extension for WindowsStandalone target not found
Refreshing native plugins compatible for Editor in 2.49 ms, found 1 plugins.
Preloading 0 native plugins for Editor in 0.00 ms.
Invoked RoslynAnalysisRunner static constructor.
RoslynAnalysisRunner will not be running.
RoslynAnalysisRunner has terminated.
Mono: successfully reloaded assembly
- Completed reload, in  1.335 seconds
Platform modules already initialized, skipping
Refreshing native plugins compatible for Editor in 0.56 ms, found 1 plugins.
Preloading 0 native plugins for Editor in 0.00 ms.
Unloading 1820 Unused Serialized files (Serialized files now loaded: 0)
System memory in use before: 89.0 MB.
System memory in use after: 88.9 MB.

Unloading 12 unused Assets to reduce memory usage. Loaded Objects now: 2409.
Total: 5.692100 ms (FindLiveObjects: 0.763600 ms CreateObjectMapping: 0.409700 ms MarkObjects: 4.376100 ms  DeleteObjects: 0.141200 ms)

========================================================================
Received Import Request.
  Time since last request: 127.627908 seconds.
  path: Assets/Resources/Prefabs/Arrow.prefab
  artifactKey: Guid(c2dec3541dac97744b8bf96616080b67) Importer(815301076,1909f56bfc062723c751e8b465ee728b)
Start importing Assets/Resources/Prefabs/Arrow.prefab using Guid(c2dec3541dac97744b8bf96616080b67) Importer(815301076,1909f56bfc062723c751e8b465ee728b)  -> (artifact id: 'b3789895a21a0be21e105dd2c3542695') in 0.049166 seconds
  Import took 0.053686 seconds .

========================================================================
Received Prepare
Registering precompiled user dll's ...
Registered in 0.001982 seconds.
Begin MonoManager ReloadAssembly
Native extension for WindowsStandalone target not found
Refreshing native plugins compatible for Editor in 0.69 ms, found 1 plugins.
Preloading 0 native plugins for Editor in 0.00 ms.
Invoked RoslynAnalysisRunner static constructor.
RoslynAnalysisRunner will not be running.
RoslynAnalysisRunner has terminated.
Mono: successfully reloaded assembly
- Completed reload, in  0.992 seconds
Platform modules already initialized, skipping
Refreshing native plugins compatible for Editor in 0.64 ms, found 1 plugins.
Preloading 0 native plugins for Editor in 0.00 ms.
Unloading 1820 Unused Serialized files (Serialized files now loaded: 0)
System memory in use before: 89.0 MB.
System memory in use after: 89.0 MB.

Unloading 12 unused Assets to reduce memory usage. Loaded Objects now: 2414.
Total: 1.828500 ms (FindLiveObjects: 0.234200 ms CreateObjectMapping: 0.081500 ms MarkObjects: 1.417000 ms  DeleteObjects: 0.095000 ms)

========================================================================
Received Prepare
Registering precompiled user dll's ...
Registered in 0.000830 seconds.
Begin MonoManager ReloadAssembly
Native extension for WindowsStandalone target not found
Refreshing native plugins compatible for Editor in 0.40 ms, found 1 plugins.
Preloading 0 native plugins for Editor in 0.00 ms.
Invoked RoslynAnalysisRunner static constructor.
RoslynAnalysisRunner will not be running.
RoslynAnalysisRunner has terminated.
Mono: successfully reloaded assembly
- Completed reload, in  0.897 seconds
Platform modules already initialized, skipping
Refreshing native plugins compatible for Editor in 0.40 ms, found 1 plugins.
Preloading 0 native plugins for Editor in 0.00 ms.
Unloading 1820 Unused Serialized files (Serialized files now loaded: 0)
System memory in use before: 89.0 MB.
System memory in use after: 89.0 MB.

Unloading 12 unused Assets to reduce memory usage. Loaded Objects now: 2418.
Total: 2.027900 ms (FindLiveObjects: 0.252400 ms CreateObjectMapping: 0.083900 ms MarkObjects: 1.595900 ms  DeleteObjects: 0.094500 ms)

========================================================================
Received Import Request.
  Time since last request: 252.441210 seconds.
  path: Assets/Resources/Prefabs/Tower.prefab
  artifactKey: Guid(d38e49245e17e49d2b6b79bfa345f5eb) Importer(815301076,1909f56bfc062723c751e8b465ee728b)
Start importing Assets/Resources/Prefabs/Tower.prefab using Guid(d38e49245e17e49d2b6b79bfa345f5eb) Importer(815301076,1909f56bfc062723c751e8b465ee728b)  -> (artifact id: 'a276e34a99e3c8e55498bef41a10f7ad') in 0.045773 seconds
  Import took 0.048488 seconds .

========================================================================
Received Prepare
Registering precompiled user dll's ...
Registered in 0.000789 seconds.
Begin MonoManager ReloadAssembly
Native extension for WindowsStandalone target not found
Refreshing native plugins compatible for Editor in 0.41 ms, found 1 plugins.
Preloading 0 native plugins for Editor in 0.00 ms.
Invoked RoslynAnalysisRunner static constructor.
RoslynAnalysisRunner will not be running.
RoslynAnalysisRunner has terminated.
Mono: successfully reloaded assembly
- Completed reload, in  0.787 seconds
Platform modules already initialized, skipping
Refreshing native plugins compatible for Editor in 0.40 ms, found 1 plugins.
Preloading 0 native plugins for Editor in 0.00 ms.
Unloading 1820 Unused Serialized files (Serialized files now loaded: 0)
System memory in use before: 89.0 MB.
System memory in use after: 89.0 MB.

Unloading 12 unused Assets to reduce memory usage. Loaded Objects now: 2423.
Total: 1.879000 ms (FindLiveObjects: 0.190600 ms CreateObjectMapping: 0.064400 ms MarkObjects: 1.484900 ms  DeleteObjects: 0.138500 ms)

========================================================================
Received Prepare
Registering precompiled user dll's ...
Registered in 0.001259 seconds.
Begin MonoManager ReloadAssembly
Native extension for WindowsStandalone target not found
Refreshing native plugins compatible for Editor in 0.43 ms, found 1 plugins.
Preloading 0 native plugins for Editor in 0.00 ms.
Invoked RoslynAnalysisRunner static constructor.
RoslynAnalysisRunner will not be running.
RoslynAnalysisRunner has terminated.
Mono: successfully reloaded assembly
- Completed reload, in  0.765 seconds
Platform modules already initialized, skipping
Refreshing native plugins compatible for Editor in 0.38 ms, found 1 plugins.
Preloading 0 native plugins for Editor in 0.00 ms.
Unloading 1820 Unused Serialized files (Serialized files now loaded: 0)
System memory in use before: 89.0 MB.
System memory in use after: 89.0 MB.

Unloading 12 unused Assets to reduce memory usage. Loaded Objects now: 2427.
Total: 1.906100 ms (FindLiveObjects: 0.227600 ms CreateObjectMapping: 0.076700 ms MarkObjects: 1.504100 ms  DeleteObjects: 0.096700 ms)

========================================================================
Received Prepare
Registering precompiled user dll's ...
Registered in 0.001002 seconds.
Begin MonoManager ReloadAssembly
Native extension for WindowsStandalone target not found
Refreshing native plugins compatible for Editor in 0.41 ms, found 1 plugins.
Preloading 0 native plugins for Editor in 0.00 ms.
Invoked RoslynAnalysisRunner static constructor.
RoslynAnalysisRunner will not be running.
RoslynAnalysisRunner has terminated.
Mono: successfully reloaded assembly
- Completed reload, in  0.897 seconds
Platform modules already initialized, skipping
Refreshing native plugins compatible for Editor in 0.62 ms, found 1 plugins.
Preloading 0 native plugins for Editor in 0.00 ms.
Unloading 1820 Unused Serialized files (Serialized files now loaded: 0)
System memory in use before: 89.0 MB.
System memory in use after: 89.0 MB.

Unloading 12 unused Assets to reduce memory usage. Loaded Objects now: 2431.
Total: 2.135600 ms (FindLiveObjects: 0.209300 ms CreateObjectMapping: 0.068800 ms MarkObjects: 1.751000 ms  DeleteObjects: 0.104700 ms)

========================================================================
Received Prepare
Registering precompiled user dll's ...
Registered in 0.001087 seconds.
Begin MonoManager ReloadAssembly
Native extension for WindowsStandalone target not found
Refreshing native plugins compatible for Editor in 0.39 ms, found 1 plugins.
Preloading 0 native plugins for Editor in 0.00 ms.
Invoked RoslynAnalysisRunner static constructor.
RoslynAnalysisRunner will not be running.
RoslynAnalysisRunner has terminated.
Mono: successfully reloaded assembly
- Completed reload, in  0.829 seconds
Platform modules already initialized, skipping
Refreshing native plugins compatible for Editor in 0.46 ms, found 1 plugins.
Preloading 0 native plugins for Editor in 0.00 ms.
Unloading 1820 Unused Serialized files (Serialized files now loaded: 0)
System memory in use before: 89.0 MB.
System memory in use after: 89.0 MB.

Unloading 12 unused Assets to reduce memory usage. Loaded Objects now: 2435.
Total: 2.189900 ms (FindLiveObjects: 0.307400 ms CreateObjectMapping: 0.109000 ms MarkObjects: 1.638600 ms  DeleteObjects: 0.133900 ms)

========================================================================
Received Prepare
Registering precompiled user dll's ...
Registered in 0.000841 seconds.
Begin MonoManager ReloadAssembly
Native extension for WindowsStandalone target not found
Refreshing native plugins compatible for Editor in 0.63 ms, found 1 plugins.
Preloading 0 native plugins for Editor in 0.00 ms.
Invoked RoslynAnalysisRunner static constructor.
RoslynAnalysisRunner will not be running.
RoslynAnalysisRunner has terminated.
Mono: successfully reloaded assembly
- Completed reload, in  0.772 seconds
Platform modules already initialized, skipping
Refreshing native plugins compatible for Editor in 0.40 ms, found 1 plugins.
Preloading 0 native plugins for Editor in 0.00 ms.
Unloading 1820 Unused Serialized files (Serialized files now loaded: 0)
System memory in use before: 89.0 MB.
System memory in use after: 89.0 MB.

Unloading 12 unused Assets to reduce memory usage. Loaded Objects now: 2439.
Total: 1.992100 ms (FindLiveObjects: 0.225700 ms CreateObjectMapping: 0.070100 ms MarkObjects: 1.587700 ms  DeleteObjects: 0.107400 ms)

========================================================================
Received Prepare
Registering precompiled user dll's ...
Registered in 0.002723 seconds.
Begin MonoManager ReloadAssembly
Native extension for WindowsStandalone target not found
Refreshing native plugins compatible for Editor in 3.07 ms, found 1 plugins.
Preloading 0 native plugins for Editor in 0.00 ms.
Invoked RoslynAnalysisRunner static constructor.
RoslynAnalysisRunner will not be running.
RoslynAnalysisRunner has terminated.
Mono: successfully reloaded assembly
- Completed reload, in  1.897 seconds
Platform modules already initialized, skipping
Refreshing native plugins compatible for Editor in 3.23 ms, found 1 plugins.
Preloading 0 native plugins for Editor in 0.00 ms.
Unloading 1820 Unused Serialized files (Serialized files now loaded: 0)
System memory in use before: 89.0 MB.
System memory in use after: 89.0 MB.

Unloading 12 unused Assets to reduce memory usage. Loaded Objects now: 2443.
Total: 8.835500 ms (FindLiveObjects: 0.822400 ms CreateObjectMapping: 0.445000 ms MarkObjects: 7.251100 ms  DeleteObjects: 0.311900 ms)

========================================================================
Received Import Request.
  Time since last request: 218.473798 seconds.
  path: Assets/Resources/Prefabs/Tower.prefab
  artifactKey: Guid(d38e49245e17e49d2b6b79bfa345f5eb) Importer(815301076,1909f56bfc062723c751e8b465ee728b)
Start importing Assets/Resources/Prefabs/Tower.prefab using Guid(d38e49245e17e49d2b6b79bfa345f5eb) Importer(815301076,1909f56bfc062723c751e8b465ee728b)  -> (artifact id: '51160e50468650c92227f4835a87535f') in 0.049604 seconds
  Import took 0.053932 seconds .

========================================================================
Received Import Request.
  Time since last request: 9.458146 seconds.
  path: Assets/Resources/Prefabs/Tower.prefab
  artifactKey: Guid(d38e49245e17e49d2b6b79bfa345f5eb) Importer(815301076,1909f56bfc062723c751e8b465ee728b)
Start importing Assets/Resources/Prefabs/Tower.prefab using Guid(d38e49245e17e49d2b6b79bfa345f5eb) Importer(815301076,1909f56bfc062723c751e8b465ee728b)  -> (artifact id: 'd4ee35323b24c03d5385ae750b93d363') in 0.011222 seconds
  Import took 0.014423 seconds .

========================================================================
Received Prepare
Registering precompiled user dll's ...
Registered in 0.002294 seconds.
Begin MonoManager ReloadAssembly
Native extension for WindowsStandalone target not found
Refreshing native plugins compatible for Editor in 0.42 ms, found 1 plugins.
Preloading 0 native plugins for Editor in 0.00 ms.
Invoked RoslynAnalysisRunner static constructor.
RoslynAnalysisRunner will not be running.
RoslynAnalysisRunner has terminated.
Mono: successfully reloaded assembly
- Completed reload, in  0.755 seconds
Platform modules already initialized, skipping
Refreshing native plugins compatible for Editor in 0.41 ms, found 1 plugins.
Preloading 0 native plugins for Editor in 0.00 ms.
Unloading 1820 Unused Serialized files (Serialized files now loaded: 0)
System memory in use before: 89.0 MB.
System memory in use after: 89.0 MB.

Unloading 12 unused Assets to reduce memory usage. Loaded Objects now: 2448.
Total: 2.000400 ms (FindLiveObjects: 0.270300 ms CreateObjectMapping: 0.078300 ms MarkObjects: 1.519700 ms  DeleteObjects: 0.131100 ms)

========================================================================
Received Prepare
Registering precompiled user dll's ...
Registered in 0.001034 seconds.
Begin MonoManager ReloadAssembly
Native extension for WindowsStandalone target not found
Refreshing native plugins compatible for Editor in 0.54 ms, found 1 plugins.
Preloading 0 native plugins for Editor in 0.00 ms.
Invoked RoslynAnalysisRunner static constructor.
RoslynAnalysisRunner will not be running.
RoslynAnalysisRunner has terminated.
Mono: successfully reloaded assembly
- Completed reload, in  0.888 seconds
Platform modules already initialized, skipping
Refreshing native plugins compatible for Editor in 0.40 ms, found 1 plugins.
Preloading 0 native plugins for Editor in 0.00 ms.
Unloading 1820 Unused Serialized files (Serialized files now loaded: 0)
System memory in use before: 89.0 MB.
System memory in use after: 89.0 MB.

Unloading 12 unused Assets to reduce memory usage. Loaded Objects now: 2452.
Total: 1.789300 ms (FindLiveObjects: 0.221800 ms CreateObjectMapping: 0.076700 ms MarkObjects: 1.395400 ms  DeleteObjects: 0.094700 ms)

========================================================================
Received Import Request.
  Time since last request: 120.391162 seconds.
  path: Assets/Resources/Prefabs/Tower.prefab
  artifactKey: Guid(d38e49245e17e49d2b6b79bfa345f5eb) Importer(815301076,1909f56bfc062723c751e8b465ee728b)
Start importing Assets/Resources/Prefabs/Tower.prefab using Guid(d38e49245e17e49d2b6b79bfa345f5eb) Importer(815301076,1909f56bfc062723c751e8b465ee728b)  -> (artifact id: 'd2eb1782815eacf53d86b6d06b016958') in 0.045490 seconds
  Import took 0.048266 seconds .

AssetImportWorkerClient::OnTransportError - code=2 error=End of file
